2022-03-06 15:59:11,051 INFO 18070 [Timer] /Users/bips/Documents/gitres/web/electron/littleCRM/node_modules/egg-multipart/app/schedule/clean_tmpdir.js next time will execute after 45048951ms at 2022-03-07 04:30:00.002
2022-03-06 15:59:11,052 INFO 18070 [Timer] /Users/bips/Documents/gitres/web/electron/littleCRM/node_modules/egg-logrotator/app/schedule/clean_log.js next time will execute after 28848948ms at 2022-03-07 00:00:00.000
2022-03-06 15:59:11,052 INFO 18070 [Timer] /Users/bips/Documents/gitres/web/electron/littleCRM/node_modules/egg-logrotator/app/schedule/rotate_by_file.js next time will execute after 28849948ms at 2022-03-07 00:00:01.000
2022-03-06 15:59:10,873 INFO 18071 [egg-schedule]: register schedule /Users/bips/Documents/gitres/web/electron/littleCRM/node_modules/egg-multipart/app/schedule/clean_tmpdir.js
2022-03-06 15:59:10,873 INFO 18071 [egg-schedule]: register schedule /Users/bips/Documents/gitres/web/electron/littleCRM/node_modules/egg-logrotator/app/schedule/clean_log.js
2022-03-06 15:59:10,873 INFO 18071 [egg-schedule]: register schedule /Users/bips/Documents/gitres/web/electron/littleCRM/node_modules/egg-logrotator/app/schedule/rotate_by_file.js
2022-03-06 16:54:01,486 INFO 20644 [Timer] /Users/bips/Documents/gitres/web/electron/littleCRM/node_modules/egg-multipart/app/schedule/clean_tmpdir.js next time will execute after 41758517ms at 2022-03-07 04:30:00.003
2022-03-06 16:54:01,486 INFO 20644 [Timer] /Users/bips/Documents/gitres/web/electron/littleCRM/node_modules/egg-logrotator/app/schedule/clean_log.js next time will execute after 25558514ms at 2022-03-07 00:00:00.000
2022-03-06 16:54:01,487 INFO 20644 [Timer] /Users/bips/Documents/gitres/web/electron/littleCRM/node_modules/egg-logrotator/app/schedule/rotate_by_file.js next time will execute after 25559514ms at 2022-03-07 00:00:01.001
2022-03-06 16:54:01,301 INFO 20645 [egg-schedule]: register schedule /Users/bips/Documents/gitres/web/electron/littleCRM/node_modules/egg-multipart/app/schedule/clean_tmpdir.js
2022-03-06 16:54:01,301 INFO 20645 [egg-schedule]: register schedule /Users/bips/Documents/gitres/web/electron/littleCRM/node_modules/egg-logrotator/app/schedule/clean_log.js
2022-03-06 16:54:01,301 INFO 20645 [egg-schedule]: register schedule /Users/bips/Documents/gitres/web/electron/littleCRM/node_modules/egg-logrotator/app/schedule/rotate_by_file.js
2022-03-06 16:58:38,618 INFO 20721 [egg-schedule]: register schedule /Users/bips/Documents/gitres/web/electron/littleCRM/node_modules/egg-multipart/app/schedule/clean_tmpdir.js
2022-03-06 16:58:38,618 INFO 20721 [egg-schedule]: register schedule /Users/bips/Documents/gitres/web/electron/littleCRM/node_modules/egg-logrotator/app/schedule/clean_log.js
2022-03-06 16:58:38,618 INFO 20721 [egg-schedule]: register schedule /Users/bips/Documents/gitres/web/electron/littleCRM/node_modules/egg-logrotator/app/schedule/rotate_by_file.js
2022-03-06 16:58:54,710 INFO 20735 [Timer] /Users/bips/Documents/gitres/web/electron/littleCRM/node_modules/egg-multipart/app/schedule/clean_tmpdir.js next time will execute after 41465293ms at 2022-03-07 04:30:00.003
2022-03-06 16:58:54,710 INFO 20735 [Timer] /Users/bips/Documents/gitres/web/electron/littleCRM/node_modules/egg-logrotator/app/schedule/clean_log.js next time will execute after 25265290ms at 2022-03-07 00:00:00.000
2022-03-06 16:58:54,710 INFO 20735 [Timer] /Users/bips/Documents/gitres/web/electron/littleCRM/node_modules/egg-logrotator/app/schedule/rotate_by_file.js next time will execute after 25266290ms at 2022-03-07 00:00:01.000
2022-03-06 16:58:54,535 INFO 20736 [egg-schedule]: register schedule /Users/bips/Documents/gitres/web/electron/littleCRM/node_modules/egg-multipart/app/schedule/clean_tmpdir.js
2022-03-06 16:58:54,535 INFO 20736 [egg-schedule]: register schedule /Users/bips/Documents/gitres/web/electron/littleCRM/node_modules/egg-logrotator/app/schedule/clean_log.js
2022-03-06 16:58:54,535 INFO 20736 [egg-schedule]: register schedule /Users/bips/Documents/gitres/web/electron/littleCRM/node_modules/egg-logrotator/app/schedule/rotate_by_file.js
2022-03-06 17:12:44,700 INFO 21077 [egg-schedule]: register schedule /Users/bips/Documents/gitres/web/electron/littleCRM/node_modules/egg-multipart/app/schedule/clean_tmpdir.js
2022-03-06 17:12:44,700 INFO 21077 [egg-schedule]: register schedule /Users/bips/Documents/gitres/web/electron/littleCRM/node_modules/egg-logrotator/app/schedule/clean_log.js
2022-03-06 17:12:44,700 INFO 21077 [egg-schedule]: register schedule /Users/bips/Documents/gitres/web/electron/littleCRM/node_modules/egg-logrotator/app/schedule/rotate_by_file.js
2022-03-06 17:12:46,220 INFO 21080 [egg-schedule]: register schedule /Users/bips/Documents/gitres/web/electron/littleCRM/node_modules/egg-multipart/app/schedule/clean_tmpdir.js
2022-03-06 17:12:46,220 INFO 21080 [egg-schedule]: register schedule /Users/bips/Documents/gitres/web/electron/littleCRM/node_modules/egg-logrotator/app/schedule/clean_log.js
2022-03-06 17:12:46,220 INFO 21080 [egg-schedule]: register schedule /Users/bips/Documents/gitres/web/electron/littleCRM/node_modules/egg-logrotator/app/schedule/rotate_by_file.js
2022-03-06 17:13:14,314 INFO 21097 [Timer] /Users/bips/Documents/gitres/web/electron/littleCRM/node_modules/egg-multipart/app/schedule/clean_tmpdir.js next time will execute after 40605688ms at 2022-03-07 04:30:00.002
2022-03-06 17:13:14,314 INFO 21097 [Timer] /Users/bips/Documents/gitres/web/electron/littleCRM/node_modules/egg-logrotator/app/schedule/clean_log.js next time will execute after 24405686ms at 2022-03-07 00:00:00.000
2022-03-06 17:13:14,314 INFO 21097 [Timer] /Users/bips/Documents/gitres/web/electron/littleCRM/node_modules/egg-logrotator/app/schedule/rotate_by_file.js next time will execute after 24406686ms at 2022-03-07 00:00:01.000
2022-03-06 17:13:14,105 INFO 21099 [egg-schedule]: register schedule /Users/bips/Documents/gitres/web/electron/littleCRM/node_modules/egg-multipart/app/schedule/clean_tmpdir.js
2022-03-06 17:13:14,105 INFO 21099 [egg-schedule]: register schedule /Users/bips/Documents/gitres/web/electron/littleCRM/node_modules/egg-logrotator/app/schedule/clean_log.js
2022-03-06 17:13:14,105 INFO 21099 [egg-schedule]: register schedule /Users/bips/Documents/gitres/web/electron/littleCRM/node_modules/egg-logrotator/app/schedule/rotate_by_file.js
2022-03-06 17:34:13,821 INFO 23136 [egg-schedule]: register schedule /Users/bips/Documents/gitres/web/electron/littleCRM/node_modules/egg-multipart/app/schedule/clean_tmpdir.js
2022-03-06 17:34:13,821 INFO 23136 [egg-schedule]: register schedule /Users/bips/Documents/gitres/web/electron/littleCRM/node_modules/egg-logrotator/app/schedule/clean_log.js
2022-03-06 17:34:13,821 INFO 23136 [egg-schedule]: register schedule /Users/bips/Documents/gitres/web/electron/littleCRM/node_modules/egg-logrotator/app/schedule/rotate_by_file.js
2022-03-06 17:34:14,151 INFO 23135 [Timer] /Users/bips/Documents/gitres/web/electron/littleCRM/node_modules/egg-multipart/app/schedule/clean_tmpdir.js next time will execute after 39345852ms at 2022-03-07 04:30:00.003
2022-03-06 17:34:14,151 INFO 23135 [Timer] /Users/bips/Documents/gitres/web/electron/littleCRM/node_modules/egg-logrotator/app/schedule/clean_log.js next time will execute after 23145849ms at 2022-03-07 00:00:00.000
2022-03-06 17:34:14,151 INFO 23135 [Timer] /Users/bips/Documents/gitres/web/electron/littleCRM/node_modules/egg-logrotator/app/schedule/rotate_by_file.js next time will execute after 23146849ms at 2022-03-07 00:00:01.000
2022-03-06 17:37:41,904 INFO 23248 [egg-schedule]: register schedule /Users/bips/Documents/gitres/web/electron/littleCRM/node_modules/egg-multipart/app/schedule/clean_tmpdir.js
2022-03-06 17:37:41,904 INFO 23248 [egg-schedule]: register schedule /Users/bips/Documents/gitres/web/electron/littleCRM/node_modules/egg-logrotator/app/schedule/clean_log.js
2022-03-06 17:37:41,904 INFO 23248 [egg-schedule]: register schedule /Users/bips/Documents/gitres/web/electron/littleCRM/node_modules/egg-logrotator/app/schedule/rotate_by_file.js
2022-03-06 17:37:46,043 INFO 23249 [egg-schedule]: register schedule /Users/bips/Documents/gitres/web/electron/littleCRM/node_modules/egg-multipart/app/schedule/clean_tmpdir.js
2022-03-06 17:37:46,043 INFO 23249 [egg-schedule]: register schedule /Users/bips/Documents/gitres/web/electron/littleCRM/node_modules/egg-logrotator/app/schedule/clean_log.js
2022-03-06 17:37:46,043 INFO 23249 [egg-schedule]: register schedule /Users/bips/Documents/gitres/web/electron/littleCRM/node_modules/egg-logrotator/app/schedule/rotate_by_file.js
2022-03-06 17:37:53,362 INFO 23252 [egg-schedule]: register schedule /Users/bips/Documents/gitres/web/electron/littleCRM/node_modules/egg-multipart/app/schedule/clean_tmpdir.js
2022-03-06 17:37:53,362 INFO 23252 [egg-schedule]: register schedule /Users/bips/Documents/gitres/web/electron/littleCRM/node_modules/egg-logrotator/app/schedule/clean_log.js
2022-03-06 17:37:53,362 INFO 23252 [egg-schedule]: register schedule /Users/bips/Documents/gitres/web/electron/littleCRM/node_modules/egg-logrotator/app/schedule/rotate_by_file.js
2022-03-06 17:38:08,511 INFO 23276 [Timer] /Users/bips/Documents/gitres/web/electron/littleCRM/node_modules/egg-multipart/app/schedule/clean_tmpdir.js next time will execute after 39111495ms at 2022-03-07 04:30:00.006
2022-03-06 17:38:08,512 INFO 23276 [Timer] /Users/bips/Documents/gitres/web/electron/littleCRM/node_modules/egg-logrotator/app/schedule/clean_log.js next time will execute after 22911489ms at 2022-03-07 00:00:00.001
2022-03-06 17:38:08,512 INFO 23276 [Timer] /Users/bips/Documents/gitres/web/electron/littleCRM/node_modules/egg-logrotator/app/schedule/rotate_by_file.js next time will execute after 22912488ms at 2022-03-07 00:00:01.000
2022-03-06 17:38:08,260 INFO 23277 [egg-schedule]: register schedule /Users/bips/Documents/gitres/web/electron/littleCRM/node_modules/egg-multipart/app/schedule/clean_tmpdir.js
2022-03-06 17:38:08,260 INFO 23277 [egg-schedule]: register schedule /Users/bips/Documents/gitres/web/electron/littleCRM/node_modules/egg-logrotator/app/schedule/clean_log.js
2022-03-06 17:38:08,260 INFO 23277 [egg-schedule]: register schedule /Users/bips/Documents/gitres/web/electron/littleCRM/node_modules/egg-logrotator/app/schedule/rotate_by_file.js
2022-03-06 17:39:25,015 INFO 23294 [egg-schedule]: register schedule /Users/bips/Documents/gitres/web/electron/littleCRM/node_modules/egg-multipart/app/schedule/clean_tmpdir.js
2022-03-06 17:39:25,016 INFO 23294 [egg-schedule]: register schedule /Users/bips/Documents/gitres/web/electron/littleCRM/node_modules/egg-logrotator/app/schedule/clean_log.js
2022-03-06 17:39:25,016 INFO 23294 [egg-schedule]: register schedule /Users/bips/Documents/gitres/web/electron/littleCRM/node_modules/egg-logrotator/app/schedule/rotate_by_file.js
2022-03-06 17:39:59,435 INFO 23303 [egg-schedule]: register schedule /Users/bips/Documents/gitres/web/electron/littleCRM/node_modules/egg-multipart/app/schedule/clean_tmpdir.js
2022-03-06 17:39:59,435 INFO 23303 [egg-schedule]: register schedule /Users/bips/Documents/gitres/web/electron/littleCRM/node_modules/egg-logrotator/app/schedule/clean_log.js
2022-03-06 17:39:59,435 INFO 23303 [egg-schedule]: register schedule /Users/bips/Documents/gitres/web/electron/littleCRM/node_modules/egg-logrotator/app/schedule/rotate_by_file.js
2022-03-06 17:40:05,734 INFO 23306 [egg-schedule]: register schedule /Users/bips/Documents/gitres/web/electron/littleCRM/node_modules/egg-multipart/app/schedule/clean_tmpdir.js
2022-03-06 17:40:05,735 INFO 23306 [egg-schedule]: register schedule /Users/bips/Documents/gitres/web/electron/littleCRM/node_modules/egg-logrotator/app/schedule/clean_log.js
2022-03-06 17:40:05,735 INFO 23306 [egg-schedule]: register schedule /Users/bips/Documents/gitres/web/electron/littleCRM/node_modules/egg-logrotator/app/schedule/rotate_by_file.js
2022-03-06 17:40:54,693 INFO 23318 [egg-schedule]: register schedule /Users/bips/Documents/gitres/web/electron/littleCRM/node_modules/egg-multipart/app/schedule/clean_tmpdir.js
2022-03-06 17:40:54,693 INFO 23318 [egg-schedule]: register schedule /Users/bips/Documents/gitres/web/electron/littleCRM/node_modules/egg-logrotator/app/schedule/clean_log.js
2022-03-06 17:40:54,693 INFO 23318 [egg-schedule]: register schedule /Users/bips/Documents/gitres/web/electron/littleCRM/node_modules/egg-logrotator/app/schedule/rotate_by_file.js
2022-03-06 17:46:26,415 INFO 23518 [egg-schedule]: register schedule /Users/bips/Documents/gitres/web/electron/littleCRM/node_modules/egg-multipart/app/schedule/clean_tmpdir.js
2022-03-06 17:46:26,415 INFO 23518 [egg-schedule]: register schedule /Users/bips/Documents/gitres/web/electron/littleCRM/node_modules/egg-logrotator/app/schedule/clean_log.js
2022-03-06 17:46:26,415 INFO 23518 [egg-schedule]: register schedule /Users/bips/Documents/gitres/web/electron/littleCRM/node_modules/egg-logrotator/app/schedule/rotate_by_file.js
2022-03-06 17:48:45,860 INFO 23615 [egg-schedule]: register schedule /Users/bips/Documents/gitres/web/electron/littleCRM/node_modules/egg-multipart/app/schedule/clean_tmpdir.js
2022-03-06 17:48:45,860 INFO 23615 [egg-schedule]: register schedule /Users/bips/Documents/gitres/web/electron/littleCRM/node_modules/egg-logrotator/app/schedule/clean_log.js
2022-03-06 17:48:45,860 INFO 23615 [egg-schedule]: register schedule /Users/bips/Documents/gitres/web/electron/littleCRM/node_modules/egg-logrotator/app/schedule/rotate_by_file.js
2022-03-06 17:48:49,528 INFO 23618 [egg-schedule]: register schedule /Users/bips/Documents/gitres/web/electron/littleCRM/node_modules/egg-multipart/app/schedule/clean_tmpdir.js
2022-03-06 17:48:49,529 INFO 23618 [egg-schedule]: register schedule /Users/bips/Documents/gitres/web/electron/littleCRM/node_modules/egg-logrotator/app/schedule/clean_log.js
2022-03-06 17:48:49,529 INFO 23618 [egg-schedule]: register schedule /Users/bips/Documents/gitres/web/electron/littleCRM/node_modules/egg-logrotator/app/schedule/rotate_by_file.js
2022-03-06 17:48:52,093 INFO 23620 [egg-schedule]: register schedule /Users/bips/Documents/gitres/web/electron/littleCRM/node_modules/egg-multipart/app/schedule/clean_tmpdir.js
2022-03-06 17:48:52,093 INFO 23620 [egg-schedule]: register schedule /Users/bips/Documents/gitres/web/electron/littleCRM/node_modules/egg-logrotator/app/schedule/clean_log.js
2022-03-06 17:48:52,093 INFO 23620 [egg-schedule]: register schedule /Users/bips/Documents/gitres/web/electron/littleCRM/node_modules/egg-logrotator/app/schedule/rotate_by_file.js
2022-03-06 17:52:28,276 INFO 23854 [Timer] /Users/bips/Documents/gitres/web/electron/littleCRM/node_modules/egg-multipart/app/schedule/clean_tmpdir.js next time will execute after 38251726ms at 2022-03-07 04:30:00.002
2022-03-06 17:52:28,276 INFO 23854 [Timer] /Users/bips/Documents/gitres/web/electron/littleCRM/node_modules/egg-logrotator/app/schedule/clean_log.js next time will execute after 22051724ms at 2022-03-07 00:00:00.000
2022-03-06 17:52:28,277 INFO 23854 [Timer] /Users/bips/Documents/gitres/web/electron/littleCRM/node_modules/egg-logrotator/app/schedule/rotate_by_file.js next time will execute after 22052724ms at 2022-03-07 00:00:01.001
2022-03-06 17:52:28,081 INFO 23855 [egg-schedule]: register schedule /Users/bips/Documents/gitres/web/electron/littleCRM/node_modules/egg-multipart/app/schedule/clean_tmpdir.js
2022-03-06 17:52:28,081 INFO 23855 [egg-schedule]: register schedule /Users/bips/Documents/gitres/web/electron/littleCRM/node_modules/egg-logrotator/app/schedule/clean_log.js
2022-03-06 17:52:28,081 INFO 23855 [egg-schedule]: register schedule /Users/bips/Documents/gitres/web/electron/littleCRM/node_modules/egg-logrotator/app/schedule/rotate_by_file.js
2022-03-06 17:55:36,689 INFO 23908 [egg-schedule]: register schedule /Users/bips/Documents/gitres/web/electron/littleCRM/node_modules/egg-multipart/app/schedule/clean_tmpdir.js
2022-03-06 17:55:36,689 INFO 23908 [egg-schedule]: register schedule /Users/bips/Documents/gitres/web/electron/littleCRM/node_modules/egg-logrotator/app/schedule/clean_log.js
2022-03-06 17:55:36,689 INFO 23908 [egg-schedule]: register schedule /Users/bips/Documents/gitres/web/electron/littleCRM/node_modules/egg-logrotator/app/schedule/rotate_by_file.js
2022-03-06 17:55:38,787 INFO 23909 [egg-schedule]: register schedule /Users/bips/Documents/gitres/web/electron/littleCRM/node_modules/egg-multipart/app/schedule/clean_tmpdir.js
2022-03-06 17:55:38,787 INFO 23909 [egg-schedule]: register schedule /Users/bips/Documents/gitres/web/electron/littleCRM/node_modules/egg-logrotator/app/schedule/clean_log.js
2022-03-06 17:55:38,787 INFO 23909 [egg-schedule]: register schedule /Users/bips/Documents/gitres/web/electron/littleCRM/node_modules/egg-logrotator/app/schedule/rotate_by_file.js
2022-03-06 17:55:50,912 INFO 23977 [Timer] /Users/bips/Documents/gitres/web/electron/littleCRM/node_modules/egg-multipart/app/schedule/clean_tmpdir.js next time will execute after 38049090ms at 2022-03-07 04:30:00.002
2022-03-06 17:55:50,913 INFO 23977 [Timer] /Users/bips/Documents/gitres/web/electron/littleCRM/node_modules/egg-logrotator/app/schedule/clean_log.js next time will execute after 21849088ms at 2022-03-07 00:00:00.001
2022-03-06 17:55:50,913 INFO 23977 [Timer] /Users/bips/Documents/gitres/web/electron/littleCRM/node_modules/egg-logrotator/app/schedule/rotate_by_file.js next time will execute after 21850087ms at 2022-03-07 00:00:01.000
2022-03-06 17:55:50,804 INFO 23978 [egg-schedule]: register schedule /Users/bips/Documents/gitres/web/electron/littleCRM/node_modules/egg-multipart/app/schedule/clean_tmpdir.js
2022-03-06 17:55:50,804 INFO 23978 [egg-schedule]: register schedule /Users/bips/Documents/gitres/web/electron/littleCRM/node_modules/egg-logrotator/app/schedule/clean_log.js
2022-03-06 17:55:50,804 INFO 23978 [egg-schedule]: register schedule /Users/bips/Documents/gitres/web/electron/littleCRM/node_modules/egg-logrotator/app/schedule/rotate_by_file.js
2022-03-06 17:59:03,282 INFO 24053 [egg-schedule]: register schedule /Users/bips/Documents/gitres/web/electron/littleCRM/node_modules/egg-multipart/app/schedule/clean_tmpdir.js
2022-03-06 17:59:03,282 INFO 24053 [egg-schedule]: register schedule /Users/bips/Documents/gitres/web/electron/littleCRM/node_modules/egg-logrotator/app/schedule/clean_log.js
2022-03-06 17:59:03,282 INFO 24053 [egg-schedule]: register schedule /Users/bips/Documents/gitres/web/electron/littleCRM/node_modules/egg-logrotator/app/schedule/rotate_by_file.js
2022-03-06 17:59:26,031 INFO 24061 [egg-schedule]: register schedule /Users/bips/Documents/gitres/web/electron/littleCRM/node_modules/egg-multipart/app/schedule/clean_tmpdir.js
2022-03-06 17:59:26,031 INFO 24061 [egg-schedule]: register schedule /Users/bips/Documents/gitres/web/electron/littleCRM/node_modules/egg-logrotator/app/schedule/clean_log.js
2022-03-06 17:59:26,031 INFO 24061 [egg-schedule]: register schedule /Users/bips/Documents/gitres/web/electron/littleCRM/node_modules/egg-logrotator/app/schedule/rotate_by_file.js
2022-03-06 18:12:04,349 INFO 24584 [Timer] /Users/bips/Documents/gitres/web/electron/littleCRM/node_modules/egg-multipart/app/schedule/clean_tmpdir.js next time will execute after 37075654ms at 2022-03-07 04:30:00.003
2022-03-06 18:12:04,349 INFO 24584 [Timer] /Users/bips/Documents/gitres/web/electron/littleCRM/node_modules/egg-logrotator/app/schedule/clean_log.js next time will execute after 20875651ms at 2022-03-07 00:00:00.000
2022-03-06 18:12:04,349 INFO 24584 [Timer] /Users/bips/Documents/gitres/web/electron/littleCRM/node_modules/egg-logrotator/app/schedule/rotate_by_file.js next time will execute after 20876651ms at 2022-03-07 00:00:01.000
2022-03-06 18:12:04,192 INFO 24585 [egg-schedule]: register schedule /Users/bips/Documents/gitres/web/electron/littleCRM/node_modules/egg-multipart/app/schedule/clean_tmpdir.js
2022-03-06 18:12:04,192 INFO 24585 [egg-schedule]: register schedule /Users/bips/Documents/gitres/web/electron/littleCRM/node_modules/egg-logrotator/app/schedule/clean_log.js
2022-03-06 18:12:04,192 INFO 24585 [egg-schedule]: register schedule /Users/bips/Documents/gitres/web/electron/littleCRM/node_modules/egg-logrotator/app/schedule/rotate_by_file.js
2022-03-06 18:15:45,805 INFO 24722 [Timer] /Users/bips/Documents/gitres/web/electron/littleCRM/node_modules/egg-multipart/app/schedule/clean_tmpdir.js next time will execute after 36854197ms at 2022-03-07 04:30:00.002
2022-03-06 18:15:45,805 INFO 24722 [Timer] /Users/bips/Documents/gitres/web/electron/littleCRM/node_modules/egg-logrotator/app/schedule/clean_log.js next time will execute after 20654195ms at 2022-03-07 00:00:00.000
2022-03-06 18:15:45,805 INFO 24722 [Timer] /Users/bips/Documents/gitres/web/electron/littleCRM/node_modules/egg-logrotator/app/schedule/rotate_by_file.js next time will execute after 20655195ms at 2022-03-07 00:00:01.000
2022-03-06 18:15:45,635 INFO 24723 [egg-schedule]: register schedule /Users/bips/Documents/gitres/web/electron/littleCRM/node_modules/egg-multipart/app/schedule/clean_tmpdir.js
2022-03-06 18:15:45,635 INFO 24723 [egg-schedule]: register schedule /Users/bips/Documents/gitres/web/electron/littleCRM/node_modules/egg-logrotator/app/schedule/clean_log.js
2022-03-06 18:15:45,635 INFO 24723 [egg-schedule]: register schedule /Users/bips/Documents/gitres/web/electron/littleCRM/node_modules/egg-logrotator/app/schedule/rotate_by_file.js
2022-03-06 18:17:54,277 INFO 24886 [Timer] /Users/bips/Documents/gitres/web/electron/littleCRM/node_modules/egg-multipart/app/schedule/clean_tmpdir.js next time will execute after 36725724ms at 2022-03-07 04:30:00.001
2022-03-06 18:17:54,278 INFO 24886 [Timer] /Users/bips/Documents/gitres/web/electron/littleCRM/node_modules/egg-logrotator/app/schedule/clean_log.js next time will execute after 20525723ms at 2022-03-07 00:00:00.001
2022-03-06 18:17:54,278 INFO 24886 [Timer] /Users/bips/Documents/gitres/web/electron/littleCRM/node_modules/egg-logrotator/app/schedule/rotate_by_file.js next time will execute after 20526722ms at 2022-03-07 00:00:01.000
2022-03-06 18:17:54,140 INFO 24887 [egg-schedule]: register schedule /Users/bips/Documents/gitres/web/electron/littleCRM/node_modules/egg-multipart/app/schedule/clean_tmpdir.js
2022-03-06 18:17:54,140 INFO 24887 [egg-schedule]: register schedule /Users/bips/Documents/gitres/web/electron/littleCRM/node_modules/egg-logrotator/app/schedule/clean_log.js
2022-03-06 18:17:54,140 INFO 24887 [egg-schedule]: register schedule /Users/bips/Documents/gitres/web/electron/littleCRM/node_modules/egg-logrotator/app/schedule/rotate_by_file.js
2022-03-06 18:33:08,959 INFO 26304 [Timer] /Users/bips/Documents/gitres/web/electron/littleCRM/node_modules/egg-multipart/app/schedule/clean_tmpdir.js next time will execute after 35811044ms at 2022-03-07 04:30:00.003
2022-03-06 18:33:08,959 INFO 26304 [Timer] /Users/bips/Documents/gitres/web/electron/littleCRM/node_modules/egg-logrotator/app/schedule/clean_log.js next time will execute after 19611041ms at 2022-03-07 00:00:00.000
2022-03-06 18:33:08,959 INFO 26304 [Timer] /Users/bips/Documents/gitres/web/electron/littleCRM/node_modules/egg-logrotator/app/schedule/rotate_by_file.js next time will execute after 19612041ms at 2022-03-07 00:00:01.000
2022-03-06 18:33:08,823 INFO 26305 [egg-schedule]: register schedule /Users/bips/Documents/gitres/web/electron/littleCRM/node_modules/egg-multipart/app/schedule/clean_tmpdir.js
2022-03-06 18:33:08,823 INFO 26305 [egg-schedule]: register schedule /Users/bips/Documents/gitres/web/electron/littleCRM/node_modules/egg-logrotator/app/schedule/clean_log.js
2022-03-06 18:33:08,823 INFO 26305 [egg-schedule]: register schedule /Users/bips/Documents/gitres/web/electron/littleCRM/node_modules/egg-logrotator/app/schedule/rotate_by_file.js
2022-03-06 18:34:16,941 INFO 26493 [Timer] /Users/bips/Documents/gitres/web/electron/littleCRM/node_modules/egg-multipart/app/schedule/clean_tmpdir.js next time will execute after 35743061ms at 2022-03-07 04:30:00.002
2022-03-06 18:34:16,941 INFO 26493 [Timer] /Users/bips/Documents/gitres/web/electron/littleCRM/node_modules/egg-logrotator/app/schedule/clean_log.js next time will execute after 19543059ms at 2022-03-07 00:00:00.000
2022-03-06 18:34:16,942 INFO 26493 [Timer] /Users/bips/Documents/gitres/web/electron/littleCRM/node_modules/egg-logrotator/app/schedule/rotate_by_file.js next time will execute after 19544059ms at 2022-03-07 00:00:01.001
2022-03-06 18:34:16,775 INFO 26495 [egg-schedule]: register schedule /Users/bips/Documents/gitres/web/electron/littleCRM/node_modules/egg-multipart/app/schedule/clean_tmpdir.js
2022-03-06 18:34:16,775 INFO 26495 [egg-schedule]: register schedule /Users/bips/Documents/gitres/web/electron/littleCRM/node_modules/egg-logrotator/app/schedule/clean_log.js
2022-03-06 18:34:16,775 INFO 26495 [egg-schedule]: register schedule /Users/bips/Documents/gitres/web/electron/littleCRM/node_modules/egg-logrotator/app/schedule/rotate_by_file.js
2022-03-06 19:01:06,297 INFO 27960 [Timer] /Users/bips/Documents/gitres/web/electron/littleCRM/node_modules/egg-multipart/app/schedule/clean_tmpdir.js next time will execute after 34133708ms at 2022-03-07 04:30:00.005
2022-03-06 19:01:06,297 INFO 27960 [Timer] /Users/bips/Documents/gitres/web/electron/littleCRM/node_modules/egg-logrotator/app/schedule/clean_log.js next time will execute after 17933703ms at 2022-03-07 00:00:00.000
2022-03-06 19:01:06,297 INFO 27960 [Timer] /Users/bips/Documents/gitres/web/electron/littleCRM/node_modules/egg-logrotator/app/schedule/rotate_by_file.js next time will execute after 17934703ms at 2022-03-07 00:00:01.000
2022-03-06 19:01:05,899 INFO 27962 [egg-schedule]: register schedule /Users/bips/Documents/gitres/web/electron/littleCRM/node_modules/egg-multipart/app/schedule/clean_tmpdir.js
2022-03-06 19:01:05,899 INFO 27962 [egg-schedule]: register schedule /Users/bips/Documents/gitres/web/electron/littleCRM/node_modules/egg-logrotator/app/schedule/clean_log.js
2022-03-06 19:01:05,899 INFO 27962 [egg-schedule]: register schedule /Users/bips/Documents/gitres/web/electron/littleCRM/node_modules/egg-logrotator/app/schedule/rotate_by_file.js
2022-03-06 19:21:55,844 INFO 30875 [Timer] /Users/bips/Documents/gitres/web/electron/littleCRM/node_modules/egg-multipart/app/schedule/clean_tmpdir.js next time will execute after 32884158ms at 2022-03-07 04:30:00.002
2022-03-06 19:21:55,845 INFO 30875 [Timer] /Users/bips/Documents/gitres/web/electron/littleCRM/node_modules/egg-logrotator/app/schedule/clean_log.js next time will execute after 16684156ms at 2022-03-07 00:00:00.000
2022-03-06 19:21:55,845 INFO 30875 [Timer] /Users/bips/Documents/gitres/web/electron/littleCRM/node_modules/egg-logrotator/app/schedule/rotate_by_file.js next time will execute after 16685155ms at 2022-03-07 00:00:01.000
2022-03-06 19:21:55,652 INFO 30876 [egg-schedule]: register schedule /Users/bips/Documents/gitres/web/electron/littleCRM/node_modules/egg-multipart/app/schedule/clean_tmpdir.js
2022-03-06 19:21:55,652 INFO 30876 [egg-schedule]: register schedule /Users/bips/Documents/gitres/web/electron/littleCRM/node_modules/egg-logrotator/app/schedule/clean_log.js
2022-03-06 19:21:55,652 INFO 30876 [egg-schedule]: register schedule /Users/bips/Documents/gitres/web/electron/littleCRM/node_modules/egg-logrotator/app/schedule/rotate_by_file.js
2022-03-07 17:30:34,025 INFO 11579 [Timer] /Users/bips/Documents/gitres/web/electron/littleCRM/node_modules/egg-multipart/app/schedule/clean_tmpdir.js next time will execute after 39565977ms at 2022-03-08 04:30:00.002
2022-03-07 17:30:34,025 INFO 11579 [Timer] /Users/bips/Documents/gitres/web/electron/littleCRM/node_modules/egg-logrotator/app/schedule/clean_log.js next time will execute after 23365975ms at 2022-03-08 00:00:00.000
2022-03-07 17:30:34,026 INFO 11579 [Timer] /Users/bips/Documents/gitres/web/electron/littleCRM/node_modules/egg-logrotator/app/schedule/rotate_by_file.js next time will execute after 23366975ms at 2022-03-08 00:00:01.001
2022-03-07 17:30:33,814 INFO 11580 [egg-schedule]: register schedule /Users/bips/Documents/gitres/web/electron/littleCRM/node_modules/egg-multipart/app/schedule/clean_tmpdir.js
2022-03-07 17:30:33,814 INFO 11580 [egg-schedule]: register schedule /Users/bips/Documents/gitres/web/electron/littleCRM/node_modules/egg-logrotator/app/schedule/clean_log.js
2022-03-07 17:30:33,814 INFO 11580 [egg-schedule]: register schedule /Users/bips/Documents/gitres/web/electron/littleCRM/node_modules/egg-logrotator/app/schedule/rotate_by_file.js
2022-03-12 12:45:33,971 INFO 1303 [egg-schedule]: register schedule /Users/bips/Documents/gitres/web/electron/littleCRM/node_modules/egg-multipart/app/schedule/clean_tmpdir.js
2022-03-12 12:45:33,971 INFO 1303 [egg-schedule]: register schedule /Users/bips/Documents/gitres/web/electron/littleCRM/node_modules/egg-logrotator/app/schedule/clean_log.js
2022-03-12 12:45:33,971 INFO 1303 [egg-schedule]: register schedule /Users/bips/Documents/gitres/web/electron/littleCRM/node_modules/egg-logrotator/app/schedule/rotate_by_file.js
2022-03-12 12:56:20,095 INFO 1708 [egg-schedule]: register schedule /Users/bips/Documents/gitres/web/electron/littleCRM/node_modules/egg-multipart/app/schedule/clean_tmpdir.js
2022-03-12 12:56:20,095 INFO 1708 [egg-schedule]: register schedule /Users/bips/Documents/gitres/web/electron/littleCRM/node_modules/egg-logrotator/app/schedule/clean_log.js
2022-03-12 12:56:20,095 INFO 1708 [egg-schedule]: register schedule /Users/bips/Documents/gitres/web/electron/littleCRM/node_modules/egg-logrotator/app/schedule/rotate_by_file.js
2022-03-12 12:56:57,331 INFO 1884 [egg-schedule]: register schedule /Users/bips/Documents/gitres/web/electron/littleCRM/node_modules/egg-multipart/app/schedule/clean_tmpdir.js
2022-03-12 12:56:57,331 INFO 1884 [egg-schedule]: register schedule /Users/bips/Documents/gitres/web/electron/littleCRM/node_modules/egg-logrotator/app/schedule/clean_log.js
2022-03-12 12:56:57,331 INFO 1884 [egg-schedule]: register schedule /Users/bips/Documents/gitres/web/electron/littleCRM/node_modules/egg-logrotator/app/schedule/rotate_by_file.js
2022-03-12 12:59:06,598 INFO 1980 [Timer] /Users/bips/Documents/gitres/web/electron/littleCRM/node_modules/egg-multipart/app/schedule/clean_tmpdir.js next time will execute after 55853405ms at 2022-03-13 04:30:00.003
2022-03-12 12:59:06,598 INFO 1980 [Timer] /Users/bips/Documents/gitres/web/electron/littleCRM/node_modules/egg-logrotator/app/schedule/clean_log.js next time will execute after 39653402ms at 2022-03-13 00:00:00.000
2022-03-12 12:59:06,599 INFO 1980 [Timer] /Users/bips/Documents/gitres/web/electron/littleCRM/node_modules/egg-logrotator/app/schedule/rotate_by_file.js next time will execute after 39654402ms at 2022-03-13 00:00:01.001
2022-03-12 12:59:06,315 INFO 1981 [egg-schedule]: register schedule /Users/bips/Documents/gitres/web/electron/littleCRM/node_modules/egg-multipart/app/schedule/clean_tmpdir.js
2022-03-12 12:59:06,315 INFO 1981 [egg-schedule]: register schedule /Users/bips/Documents/gitres/web/electron/littleCRM/node_modules/egg-logrotator/app/schedule/clean_log.js
2022-03-12 12:59:06,315 INFO 1981 [egg-schedule]: register schedule /Users/bips/Documents/gitres/web/electron/littleCRM/node_modules/egg-logrotator/app/schedule/rotate_by_file.js
2022-03-12 12:59:58,568 INFO 2230 [Timer] /Users/bips/Documents/gitres/web/electron/littleCRM/node_modules/egg-multipart/app/schedule/clean_tmpdir.js next time will execute after 55801433ms at 2022-03-13 04:30:00.001
2022-03-12 12:59:58,569 INFO 2230 [Timer] /Users/bips/Documents/gitres/web/electron/littleCRM/node_modules/egg-logrotator/app/schedule/clean_log.js next time will execute after 39601431ms at 2022-03-13 00:00:00.000
2022-03-12 12:59:58,569 INFO 2230 [Timer] /Users/bips/Documents/gitres/web/electron/littleCRM/node_modules/egg-logrotator/app/schedule/rotate_by_file.js next time will execute after 39602431ms at 2022-03-13 00:00:01.000
2022-03-12 12:59:58,408 INFO 2231 [egg-schedule]: register schedule /Users/bips/Documents/gitres/web/electron/littleCRM/node_modules/egg-multipart/app/schedule/clean_tmpdir.js
2022-03-12 12:59:58,408 INFO 2231 [egg-schedule]: register schedule /Users/bips/Documents/gitres/web/electron/littleCRM/node_modules/egg-logrotator/app/schedule/clean_log.js
2022-03-12 12:59:58,408 INFO 2231 [egg-schedule]: register schedule /Users/bips/Documents/gitres/web/electron/littleCRM/node_modules/egg-logrotator/app/schedule/rotate_by_file.js
