2022-03-06 15:59:10,854 INFO 18071 [egg:logger] init all loggers with options: {"dir":"/Users/bips/Documents/gitres/web/electron/littleCRM/logs/littlecrm","encoding":"utf8","env":"local","level":"INFO","consoleLevel":"INFO","disableConsoleAfterReady":false,"outputJSON":false,"buffer":true,"appLogName":"littlecrm-web.log","coreLogName":"egg-web.log","agentLogName":"egg-agent.log","errorLogName":"common-error.log","coreLogger":{"consoleLevel":"WARN"},"allowDebugAtProd":false,"enablePerformanceTimer":false,"type":"application"}
2022-03-06 15:59:10,873 INFO 18071 [egg-multipart] stream mode enable
2022-03-06 15:59:11,010 INFO 18071 [egg-static] starting static serve /public/ -> /Users/bips/Documents/gitres/web/electron/littleCRM/app/public
2022-03-06 15:59:11,012 INFO 18071 [egg-security] use csrf middleware
2022-03-06 15:59:11,014 INFO 18071 [egg-security] use methodnoallow middleware
2022-03-06 15:59:11,015 INFO 18071 [egg-security] use noopen middleware
2022-03-06 15:59:11,016 INFO 18071 [egg-security] use nosniff middleware
2022-03-06 15:59:11,017 INFO 18071 [egg-security] use xssProtection middleware
2022-03-06 15:59:11,018 INFO 18071 [egg-security] use xframe middleware
2022-03-06 15:59:11,019 INFO 18071 [egg-security] use dta middleware
2022-03-06 15:59:11,019 INFO 18071 [egg-security] compose 7 middlewares into one security middleware
2022-03-06 15:59:11,027 INFO 18071 [egg:core] dump config after load, 3ms
2022-03-06 15:59:11,038 INFO 18071 [egg-watcher:application] watcher start success
2022-03-06 15:59:11,045 INFO 18071 [egg:core] dump config after ready, 5ms
2022-03-06 16:54:01,282 INFO 20645 [egg:logger] init all loggers with options: {"dir":"/Users/bips/Documents/gitres/web/electron/littleCRM/logs/littlecrm","encoding":"utf8","env":"local","level":"INFO","consoleLevel":"INFO","disableConsoleAfterReady":false,"outputJSON":false,"buffer":true,"appLogName":"littlecrm-web.log","coreLogName":"egg-web.log","agentLogName":"egg-agent.log","errorLogName":"common-error.log","coreLogger":{"consoleLevel":"WARN"},"allowDebugAtProd":false,"enablePerformanceTimer":false,"type":"application"}
2022-03-06 16:54:01,302 INFO 20645 [egg-multipart] stream mode enable
2022-03-06 16:54:01,448 INFO 20645 [egg-static] starting static serve /public/ -> /Users/bips/Documents/gitres/web/electron/littleCRM/app/public
2022-03-06 16:54:01,451 INFO 20645 [egg-security] use csrf middleware
2022-03-06 16:54:01,452 INFO 20645 [egg-security] use methodnoallow middleware
2022-03-06 16:54:01,453 INFO 20645 [egg-security] use noopen middleware
2022-03-06 16:54:01,454 INFO 20645 [egg-security] use nosniff middleware
2022-03-06 16:54:01,455 INFO 20645 [egg-security] use xssProtection middleware
2022-03-06 16:54:01,456 INFO 20645 [egg-security] use xframe middleware
2022-03-06 16:54:01,457 INFO 20645 [egg-security] use dta middleware
2022-03-06 16:54:01,457 INFO 20645 [egg-security] compose 7 middlewares into one security middleware
2022-03-06 16:54:01,464 INFO 20645 [egg:core] dump config after load, 4ms
2022-03-06 16:54:01,474 INFO 20645 [egg-watcher:application] watcher start success
2022-03-06 16:54:01,480 INFO 20645 [egg:core] dump config after ready, 4ms
2022-03-06 16:58:38,590 INFO 20721 [egg:logger] init all loggers with options: {"dir":"/Users/bips/Documents/gitres/web/electron/littleCRM/logs/littlecrm","encoding":"utf8","env":"local","level":"INFO","consoleLevel":"INFO","disableConsoleAfterReady":false,"outputJSON":false,"buffer":true,"appLogName":"littlecrm-web.log","coreLogName":"egg-web.log","agentLogName":"egg-agent.log","errorLogName":"common-error.log","coreLogger":{"consoleLevel":"WARN"},"allowDebugAtProd":false,"enablePerformanceTimer":false,"type":"application"}
2022-03-06 16:58:38,618 INFO 20721 [egg-multipart] stream mode enable
2022-03-06 16:58:38,782 INFO 20721 [egg-static] starting static serve /public/ -> /Users/bips/Documents/gitres/web/electron/littleCRM/app/public
2022-03-06 16:58:38,784 INFO 20721 [egg-security] use csrf middleware
2022-03-06 16:58:38,786 INFO 20721 [egg-security] use methodnoallow middleware
2022-03-06 16:58:38,787 INFO 20721 [egg-security] use noopen middleware
2022-03-06 16:58:38,788 INFO 20721 [egg-security] use nosniff middleware
2022-03-06 16:58:38,789 INFO 20721 [egg-security] use xssProtection middleware
2022-03-06 16:58:38,790 INFO 20721 [egg-security] use xframe middleware
2022-03-06 16:58:38,791 INFO 20721 [egg-security] use dta middleware
2022-03-06 16:58:38,791 INFO 20721 [egg-security] compose 7 middlewares into one security middleware
2022-03-06 16:58:38,801 INFO 20721 [egg:core] dump config after load, 5ms
2022-03-06 16:58:38,810 INFO 20721 [egg-watcher:application] watcher start success
2022-03-06 16:58:38,815 INFO 20721 [egg:core] dump config after ready, 3ms
2022-03-06 16:58:54,508 INFO 20736 [egg:logger] init all loggers with options: {"dir":"/Users/bips/Documents/gitres/web/electron/littleCRM/logs/littlecrm","encoding":"utf8","env":"local","level":"INFO","consoleLevel":"INFO","disableConsoleAfterReady":false,"outputJSON":false,"buffer":true,"appLogName":"littlecrm-web.log","coreLogName":"egg-web.log","agentLogName":"egg-agent.log","errorLogName":"common-error.log","coreLogger":{"consoleLevel":"WARN"},"allowDebugAtProd":false,"enablePerformanceTimer":false,"type":"application"}
2022-03-06 16:58:54,536 INFO 20736 [egg-multipart] stream mode enable
2022-03-06 16:58:54,670 INFO 20736 [egg-static] starting static serve /public/ -> /Users/bips/Documents/gitres/web/electron/littleCRM/app/public
2022-03-06 16:58:54,672 INFO 20736 [egg-security] use csrf middleware
2022-03-06 16:58:54,674 INFO 20736 [egg-security] use methodnoallow middleware
2022-03-06 16:58:54,675 INFO 20736 [egg-security] use noopen middleware
2022-03-06 16:58:54,676 INFO 20736 [egg-security] use nosniff middleware
2022-03-06 16:58:54,677 INFO 20736 [egg-security] use xssProtection middleware
2022-03-06 16:58:54,678 INFO 20736 [egg-security] use xframe middleware
2022-03-06 16:58:54,679 INFO 20736 [egg-security] use dta middleware
2022-03-06 16:58:54,679 INFO 20736 [egg-security] compose 7 middlewares into one security middleware
2022-03-06 16:58:54,688 INFO 20736 [egg:core] dump config after load, 5ms
2022-03-06 16:58:54,699 INFO 20736 [egg-watcher:application] watcher start success
2022-03-06 16:58:54,705 INFO 20736 [egg:core] dump config after ready, 4ms
2022-03-06 17:12:44,646 INFO 21077 [egg:logger] init all loggers with options: {"dir":"/Users/bips/Documents/gitres/web/electron/littleCRM/logs/littlecrm","encoding":"utf8","env":"local","level":"INFO","consoleLevel":"INFO","disableConsoleAfterReady":false,"outputJSON":false,"buffer":true,"appLogName":"littlecrm-web.log","coreLogName":"egg-web.log","agentLogName":"egg-agent.log","errorLogName":"common-error.log","coreLogger":{"consoleLevel":"WARN"},"allowDebugAtProd":false,"enablePerformanceTimer":false,"type":"application"}
2022-03-06 17:12:44,701 INFO 21077 [egg-multipart] stream mode enable
2022-03-06 17:12:44,883 INFO 21077 [egg-static] starting static serve /public/ -> /Users/bips/Documents/gitres/web/electron/littleCRM/app/public
2022-03-06 17:12:44,885 INFO 21077 [egg-security] use csrf middleware
2022-03-06 17:12:44,886 INFO 21077 [egg-security] use methodnoallow middleware
2022-03-06 17:12:44,887 INFO 21077 [egg-security] use noopen middleware
2022-03-06 17:12:44,888 INFO 21077 [egg-security] use nosniff middleware
2022-03-06 17:12:44,889 INFO 21077 [egg-security] use xssProtection middleware
2022-03-06 17:12:44,890 INFO 21077 [egg-security] use xframe middleware
2022-03-06 17:12:44,890 INFO 21077 [egg-security] use dta middleware
2022-03-06 17:12:44,891 INFO 21077 [egg-security] compose 7 middlewares into one security middleware
2022-03-06 17:12:44,904 INFO 21077 [egg:core] dump config after load, 8ms
2022-03-06 17:12:44,917 INFO 21077 [egg-watcher:application] watcher start success
2022-03-06 17:12:44,935 INFO 21077 [egg:core] dump config after ready, 15ms
2022-03-06 17:12:46,199 INFO 21080 [egg:logger] init all loggers with options: {"dir":"/Users/bips/Documents/gitres/web/electron/littleCRM/logs/littlecrm","encoding":"utf8","env":"local","level":"INFO","consoleLevel":"INFO","disableConsoleAfterReady":false,"outputJSON":false,"buffer":true,"appLogName":"littlecrm-web.log","coreLogName":"egg-web.log","agentLogName":"egg-agent.log","errorLogName":"common-error.log","coreLogger":{"consoleLevel":"WARN"},"allowDebugAtProd":false,"enablePerformanceTimer":false,"type":"application"}
2022-03-06 17:12:46,221 INFO 21080 [egg-multipart] stream mode enable
2022-03-06 17:12:46,299 INFO 21080 [egg-static] starting static serve /public/ -> /Users/bips/Documents/gitres/web/electron/littleCRM/app/public
2022-03-06 17:12:46,301 INFO 21080 [egg-security] use csrf middleware
2022-03-06 17:12:46,301 INFO 21080 [egg-security] use methodnoallow middleware
2022-03-06 17:12:46,301 INFO 21080 [egg-security] use noopen middleware
2022-03-06 17:12:46,302 INFO 21080 [egg-security] use nosniff middleware
2022-03-06 17:12:46,302 INFO 21080 [egg-security] use xssProtection middleware
2022-03-06 17:12:46,303 INFO 21080 [egg-security] use xframe middleware
2022-03-06 17:12:46,304 INFO 21080 [egg-security] use dta middleware
2022-03-06 17:12:46,304 INFO 21080 [egg-security] compose 7 middlewares into one security middleware
2022-03-06 17:12:46,312 INFO 21080 [egg:core] dump config after load, 4ms
2022-03-06 17:12:46,321 INFO 21080 [egg-watcher:application] watcher start success
2022-03-06 17:12:46,326 INFO 21080 [egg:core] dump config after ready, 3ms
2022-03-06 17:13:14,085 INFO 21099 [egg:logger] init all loggers with options: {"dir":"/Users/bips/Documents/gitres/web/electron/littleCRM/logs/littlecrm","encoding":"utf8","env":"local","level":"INFO","consoleLevel":"INFO","disableConsoleAfterReady":false,"outputJSON":false,"buffer":true,"appLogName":"littlecrm-web.log","coreLogName":"egg-web.log","agentLogName":"egg-agent.log","errorLogName":"common-error.log","coreLogger":{"consoleLevel":"WARN"},"allowDebugAtProd":false,"enablePerformanceTimer":false,"type":"application"}
2022-03-06 17:13:14,106 INFO 21099 [egg-multipart] stream mode enable
2022-03-06 17:13:14,265 INFO 21099 [egg-static] starting static serve /public/ -> /Users/bips/Documents/gitres/web/electron/littleCRM/app/public
2022-03-06 17:13:14,267 INFO 21099 [egg-security] use csrf middleware
2022-03-06 17:13:14,268 INFO 21099 [egg-security] use methodnoallow middleware
2022-03-06 17:13:14,269 INFO 21099 [egg-security] use noopen middleware
2022-03-06 17:13:14,270 INFO 21099 [egg-security] use nosniff middleware
2022-03-06 17:13:14,271 INFO 21099 [egg-security] use xssProtection middleware
2022-03-06 17:13:14,271 INFO 21099 [egg-security] use xframe middleware
2022-03-06 17:13:14,272 INFO 21099 [egg-security] use dta middleware
2022-03-06 17:13:14,272 INFO 21099 [egg-security] compose 7 middlewares into one security middleware
2022-03-06 17:13:14,282 INFO 21099 [egg:core] dump config after load, 3ms
2022-03-06 17:13:14,297 INFO 21099 [egg-watcher:application] watcher start success
2022-03-06 17:13:14,303 INFO 21099 [egg:core] dump config after ready, 5ms
2022-03-06 17:34:13,796 INFO 23136 [egg:logger] init all loggers with options: {"dir":"/Users/bips/Documents/gitres/web/electron/littleCRM/logs/littlecrm","encoding":"utf8","env":"local","level":"INFO","consoleLevel":"INFO","disableConsoleAfterReady":false,"outputJSON":false,"buffer":true,"appLogName":"littlecrm-web.log","coreLogName":"egg-web.log","agentLogName":"egg-agent.log","errorLogName":"common-error.log","coreLogger":{"consoleLevel":"WARN"},"allowDebugAtProd":false,"enablePerformanceTimer":false,"type":"application"}
2022-03-06 17:34:13,822 INFO 23136 [egg-multipart] stream mode enable
2022-03-06 17:34:14,099 INFO 23136 [egg-static] starting static serve /public/ -> /Users/bips/Documents/gitres/web/electron/littleCRM/app/public
2022-03-06 17:34:14,101 INFO 23136 [egg-security] use csrf middleware
2022-03-06 17:34:14,102 INFO 23136 [egg-security] use methodnoallow middleware
2022-03-06 17:34:14,103 INFO 23136 [egg-security] use noopen middleware
2022-03-06 17:34:14,104 INFO 23136 [egg-security] use nosniff middleware
2022-03-06 17:34:14,105 INFO 23136 [egg-security] use xssProtection middleware
2022-03-06 17:34:14,112 INFO 23136 [egg-security] use xframe middleware
2022-03-06 17:34:14,114 INFO 23136 [egg-security] use dta middleware
2022-03-06 17:34:14,114 INFO 23136 [egg-security] compose 7 middlewares into one security middleware
2022-03-06 17:34:14,125 INFO 23136 [egg:core] dump config after load, 3ms
2022-03-06 17:34:14,139 INFO 23136 [egg-watcher:application] watcher start success
2022-03-06 17:34:14,144 INFO 23136 [egg:core] dump config after ready, 4ms
2022-03-06 17:37:41,851 INFO 23248 [egg:logger] init all loggers with options: {"dir":"/Users/bips/Documents/gitres/web/electron/littleCRM/logs/littlecrm","encoding":"utf8","env":"local","level":"INFO","consoleLevel":"INFO","disableConsoleAfterReady":false,"outputJSON":false,"buffer":true,"appLogName":"littlecrm-web.log","coreLogName":"egg-web.log","agentLogName":"egg-agent.log","errorLogName":"common-error.log","coreLogger":{"consoleLevel":"WARN"},"allowDebugAtProd":false,"enablePerformanceTimer":false,"type":"application"}
2022-03-06 17:37:41,906 INFO 23248 [egg-multipart] stream mode enable
2022-03-06 17:37:42,188 INFO 23248 [egg-static] starting static serve /public/ -> /Users/bips/Documents/gitres/web/electron/littleCRM/app/public
2022-03-06 17:37:42,193 INFO 23248 [egg-security] use csrf middleware
2022-03-06 17:37:42,195 INFO 23248 [egg-security] use methodnoallow middleware
2022-03-06 17:37:42,197 INFO 23248 [egg-security] use noopen middleware
2022-03-06 17:37:42,199 INFO 23248 [egg-security] use nosniff middleware
2022-03-06 17:37:42,200 INFO 23248 [egg-security] use xssProtection middleware
2022-03-06 17:37:42,201 INFO 23248 [egg-security] use xframe middleware
2022-03-06 17:37:42,203 INFO 23248 [egg-security] use dta middleware
2022-03-06 17:37:42,203 INFO 23248 [egg-security] compose 7 middlewares into one security middleware
2022-03-06 17:37:42,223 INFO 23248 [egg:core] dump config after load, 10ms
2022-03-06 17:37:42,247 INFO 23248 [egg-watcher:application] watcher start success
2022-03-06 17:37:42,260 INFO 23248 [egg:core] dump config after ready, 9ms
2022-03-06 17:37:46,000 INFO 23249 [egg:logger] init all loggers with options: {"dir":"/Users/bips/Documents/gitres/web/electron/littleCRM/logs/littlecrm","encoding":"utf8","env":"local","level":"INFO","consoleLevel":"INFO","disableConsoleAfterReady":false,"outputJSON":false,"buffer":true,"appLogName":"littlecrm-web.log","coreLogName":"egg-web.log","agentLogName":"egg-agent.log","errorLogName":"common-error.log","coreLogger":{"consoleLevel":"WARN"},"allowDebugAtProd":false,"enablePerformanceTimer":false,"type":"application"}
2022-03-06 17:37:46,044 INFO 23249 [egg-multipart] stream mode enable
2022-03-06 17:37:46,306 INFO 23249 [egg-static] starting static serve /public/ -> /Users/bips/Documents/gitres/web/electron/littleCRM/app/public
2022-03-06 17:37:46,313 INFO 23249 [egg-security] use csrf middleware
2022-03-06 17:37:46,315 INFO 23249 [egg-security] use methodnoallow middleware
2022-03-06 17:37:46,315 INFO 23249 [egg-security] use noopen middleware
2022-03-06 17:37:46,316 INFO 23249 [egg-security] use nosniff middleware
2022-03-06 17:37:46,317 INFO 23249 [egg-security] use xssProtection middleware
2022-03-06 17:37:46,318 INFO 23249 [egg-security] use xframe middleware
2022-03-06 17:37:46,318 INFO 23249 [egg-security] use dta middleware
2022-03-06 17:37:46,318 INFO 23249 [egg-security] compose 7 middlewares into one security middleware
2022-03-06 17:37:46,334 INFO 23249 [egg:core] dump config after load, 7ms
2022-03-06 17:37:46,355 INFO 23249 [egg-watcher:application] watcher start success
2022-03-06 17:37:46,366 INFO 23249 [egg:core] dump config after ready, 8ms
2022-03-06 17:37:53,309 INFO 23252 [egg:logger] init all loggers with options: {"dir":"/Users/bips/Documents/gitres/web/electron/littleCRM/logs/littlecrm","encoding":"utf8","env":"local","level":"INFO","consoleLevel":"INFO","disableConsoleAfterReady":false,"outputJSON":false,"buffer":true,"appLogName":"littlecrm-web.log","coreLogName":"egg-web.log","agentLogName":"egg-agent.log","errorLogName":"common-error.log","coreLogger":{"consoleLevel":"WARN"},"allowDebugAtProd":false,"enablePerformanceTimer":false,"type":"application"}
2022-03-06 17:37:53,363 INFO 23252 [egg-multipart] stream mode enable
2022-03-06 17:37:53,698 INFO 23252 [egg-static] starting static serve /public/ -> /Users/bips/Documents/gitres/web/electron/littleCRM/app/public
2022-03-06 17:37:53,702 INFO 23252 [egg-security] use csrf middleware
2022-03-06 17:37:53,703 INFO 23252 [egg-security] use methodnoallow middleware
2022-03-06 17:37:53,704 INFO 23252 [egg-security] use noopen middleware
2022-03-06 17:37:53,705 INFO 23252 [egg-security] use nosniff middleware
2022-03-06 17:37:53,705 INFO 23252 [egg-security] use xssProtection middleware
2022-03-06 17:37:53,706 INFO 23252 [egg-security] use xframe middleware
2022-03-06 17:37:53,706 INFO 23252 [egg-security] use dta middleware
2022-03-06 17:37:53,707 INFO 23252 [egg-security] compose 7 middlewares into one security middleware
2022-03-06 17:37:53,723 INFO 23252 [egg:core] dump config after load, 7ms
2022-03-06 17:37:53,748 INFO 23252 [egg-watcher:application] watcher start success
2022-03-06 17:37:53,791 INFO 23252 [egg:core] dump config after ready, 34ms
2022-03-06 17:38:08,198 INFO 23277 [egg:logger] init all loggers with options: {"dir":"/Users/bips/Documents/gitres/web/electron/littleCRM/logs/littlecrm","encoding":"utf8","env":"local","level":"INFO","consoleLevel":"INFO","disableConsoleAfterReady":false,"outputJSON":false,"buffer":true,"appLogName":"littlecrm-web.log","coreLogName":"egg-web.log","agentLogName":"egg-agent.log","errorLogName":"common-error.log","coreLogger":{"consoleLevel":"WARN"},"allowDebugAtProd":false,"enablePerformanceTimer":false,"type":"application"}
2022-03-06 17:38:08,262 INFO 23277 [egg-multipart] stream mode enable
2022-03-06 17:38:08,434 INFO 23277 [egg-static] starting static serve /public/ -> /Users/bips/Documents/gitres/web/electron/littleCRM/app/public
2022-03-06 17:38:08,438 INFO 23277 [egg-security] use csrf middleware
2022-03-06 17:38:08,439 INFO 23277 [egg-security] use methodnoallow middleware
2022-03-06 17:38:08,440 INFO 23277 [egg-security] use noopen middleware
2022-03-06 17:38:08,441 INFO 23277 [egg-security] use nosniff middleware
2022-03-06 17:38:08,441 INFO 23277 [egg-security] use xssProtection middleware
2022-03-06 17:38:08,442 INFO 23277 [egg-security] use xframe middleware
2022-03-06 17:38:08,443 INFO 23277 [egg-security] use dta middleware
2022-03-06 17:38:08,443 INFO 23277 [egg-security] compose 7 middlewares into one security middleware
2022-03-06 17:38:08,460 INFO 23277 [egg:core] dump config after load, 8ms
2022-03-06 17:38:08,485 INFO 23277 [egg-watcher:application] watcher start success
2022-03-06 17:38:08,497 INFO 23277 [egg:core] dump config after ready, 9ms
2022-03-06 17:39:24,962 INFO 23294 [egg:logger] init all loggers with options: {"dir":"/Users/bips/Documents/gitres/web/electron/littleCRM/logs/littlecrm","encoding":"utf8","env":"local","level":"INFO","consoleLevel":"INFO","disableConsoleAfterReady":false,"outputJSON":false,"buffer":true,"appLogName":"littlecrm-web.log","coreLogName":"egg-web.log","agentLogName":"egg-agent.log","errorLogName":"common-error.log","coreLogger":{"consoleLevel":"WARN"},"allowDebugAtProd":false,"enablePerformanceTimer":false,"type":"application"}
2022-03-06 17:39:25,017 INFO 23294 [egg-multipart] stream mode enable
2022-03-06 17:39:25,352 INFO 23294 [egg-static] starting static serve /public/ -> /Users/bips/Documents/gitres/web/electron/littleCRM/app/public
2022-03-06 17:39:25,358 INFO 23294 [egg-security] use csrf middleware
2022-03-06 17:39:25,359 INFO 23294 [egg-security] use methodnoallow middleware
2022-03-06 17:39:25,360 INFO 23294 [egg-security] use noopen middleware
2022-03-06 17:39:25,363 INFO 23294 [egg-security] use nosniff middleware
2022-03-06 17:39:25,364 INFO 23294 [egg-security] use xssProtection middleware
2022-03-06 17:39:25,365 INFO 23294 [egg-security] use xframe middleware
2022-03-06 17:39:25,366 INFO 23294 [egg-security] use dta middleware
2022-03-06 17:39:25,366 INFO 23294 [egg-security] compose 7 middlewares into one security middleware
2022-03-06 17:39:25,388 INFO 23294 [egg:core] dump config after load, 12ms
2022-03-06 17:39:25,411 INFO 23294 [egg-watcher:application] watcher start success
2022-03-06 17:39:25,512 INFO 23294 [egg:core] dump config after ready, 98ms
2022-03-06 17:39:59,381 INFO 23303 [egg:logger] init all loggers with options: {"dir":"/Users/bips/Documents/gitres/web/electron/littleCRM/logs/littlecrm","encoding":"utf8","env":"local","level":"INFO","consoleLevel":"INFO","disableConsoleAfterReady":false,"outputJSON":false,"buffer":true,"appLogName":"littlecrm-web.log","coreLogName":"egg-web.log","agentLogName":"egg-agent.log","errorLogName":"common-error.log","coreLogger":{"consoleLevel":"WARN"},"allowDebugAtProd":false,"enablePerformanceTimer":false,"type":"application"}
2022-03-06 17:39:59,436 INFO 23303 [egg-multipart] stream mode enable
2022-03-06 17:39:59,747 INFO 23303 [egg-static] starting static serve /public/ -> /Users/bips/Documents/gitres/web/electron/littleCRM/app/public
2022-03-06 17:39:59,751 INFO 23303 [egg-security] use csrf middleware
2022-03-06 17:39:59,754 INFO 23303 [egg-security] use methodnoallow middleware
2022-03-06 17:39:59,755 INFO 23303 [egg-security] use noopen middleware
2022-03-06 17:39:59,757 INFO 23303 [egg-security] use nosniff middleware
2022-03-06 17:39:59,758 INFO 23303 [egg-security] use xssProtection middleware
2022-03-06 17:39:59,760 INFO 23303 [egg-security] use xframe middleware
2022-03-06 17:39:59,762 INFO 23303 [egg-security] use dta middleware
2022-03-06 17:39:59,762 INFO 23303 [egg-security] compose 7 middlewares into one security middleware
2022-03-06 17:39:59,781 INFO 23303 [egg:core] dump config after load, 9ms
2022-03-06 17:39:59,802 INFO 23303 [egg-watcher:application] watcher start success
2022-03-06 17:39:59,813 INFO 23303 [egg:core] dump config after ready, 8ms
2022-03-06 17:40:05,662 INFO 23306 [egg:logger] init all loggers with options: {"dir":"/Users/bips/Documents/gitres/web/electron/littleCRM/logs/littlecrm","encoding":"utf8","env":"local","level":"INFO","consoleLevel":"INFO","disableConsoleAfterReady":false,"outputJSON":false,"buffer":true,"appLogName":"littlecrm-web.log","coreLogName":"egg-web.log","agentLogName":"egg-agent.log","errorLogName":"common-error.log","coreLogger":{"consoleLevel":"WARN"},"allowDebugAtProd":false,"enablePerformanceTimer":false,"type":"application"}
2022-03-06 17:40:05,736 INFO 23306 [egg-multipart] stream mode enable
2022-03-06 17:40:06,054 INFO 23306 [egg-static] starting static serve /public/ -> /Users/bips/Documents/gitres/web/electron/littleCRM/app/public
2022-03-06 17:40:06,060 INFO 23306 [egg-security] use csrf middleware
2022-03-06 17:40:06,061 INFO 23306 [egg-security] use methodnoallow middleware
2022-03-06 17:40:06,062 INFO 23306 [egg-security] use noopen middleware
2022-03-06 17:40:06,064 INFO 23306 [egg-security] use nosniff middleware
2022-03-06 17:40:06,065 INFO 23306 [egg-security] use xssProtection middleware
2022-03-06 17:40:06,065 INFO 23306 [egg-security] use xframe middleware
2022-03-06 17:40:06,067 INFO 23306 [egg-security] use dta middleware
2022-03-06 17:40:06,068 INFO 23306 [egg-security] compose 7 middlewares into one security middleware
2022-03-06 17:40:06,095 INFO 23306 [egg:core] dump config after load, 9ms
2022-03-06 17:40:06,122 INFO 23306 [egg-watcher:application] watcher start success
2022-03-06 17:40:06,177 INFO 23306 [egg:core] dump config after ready, 50ms
2022-03-06 17:40:54,601 INFO 23318 [egg:logger] init all loggers with options: {"dir":"/Users/bips/Documents/gitres/web/electron/littleCRM/logs/littlecrm","encoding":"utf8","env":"local","level":"INFO","consoleLevel":"INFO","disableConsoleAfterReady":false,"outputJSON":false,"buffer":true,"appLogName":"littlecrm-web.log","coreLogName":"egg-web.log","agentLogName":"egg-agent.log","errorLogName":"common-error.log","coreLogger":{"consoleLevel":"WARN"},"allowDebugAtProd":false,"enablePerformanceTimer":false,"type":"application"}
2022-03-06 17:40:54,695 INFO 23318 [egg-multipart] stream mode enable
2022-03-06 17:40:54,967 INFO 23318 [egg-static] starting static serve /public/ -> /Users/bips/Documents/gitres/web/electron/littleCRM/app/public
2022-03-06 17:40:54,972 INFO 23318 [egg-security] use csrf middleware
2022-03-06 17:40:54,974 INFO 23318 [egg-security] use methodnoallow middleware
2022-03-06 17:40:54,975 INFO 23318 [egg-security] use noopen middleware
2022-03-06 17:40:54,977 INFO 23318 [egg-security] use nosniff middleware
2022-03-06 17:40:54,979 INFO 23318 [egg-security] use xssProtection middleware
2022-03-06 17:40:54,980 INFO 23318 [egg-security] use xframe middleware
2022-03-06 17:40:54,982 INFO 23318 [egg-security] use dta middleware
2022-03-06 17:40:54,982 INFO 23318 [egg-security] compose 7 middlewares into one security middleware
2022-03-06 17:40:54,999 INFO 23318 [egg:core] dump config after load, 7ms
2022-03-06 17:40:55,020 INFO 23318 [egg-watcher:application] watcher start success
2022-03-06 17:40:55,033 INFO 23318 [egg:core] dump config after ready, 9ms
2022-03-06 17:46:26,386 INFO 23518 [egg:logger] init all loggers with options: {"dir":"/Users/bips/Documents/gitres/web/electron/littleCRM/logs/littlecrm","encoding":"utf8","env":"local","level":"INFO","consoleLevel":"INFO","disableConsoleAfterReady":false,"outputJSON":false,"buffer":true,"appLogName":"littlecrm-web.log","coreLogName":"egg-web.log","agentLogName":"egg-agent.log","errorLogName":"common-error.log","coreLogger":{"consoleLevel":"WARN"},"allowDebugAtProd":false,"enablePerformanceTimer":false,"type":"application"}
2022-03-06 17:46:26,416 INFO 23518 [egg-multipart] stream mode enable
2022-03-06 17:46:26,592 INFO 23518 [egg-static] starting static serve /public/ -> /Users/bips/Documents/gitres/web/electron/littleCRM/app/public
2022-03-06 17:46:26,594 INFO 23518 [egg-security] use csrf middleware
2022-03-06 17:46:26,596 INFO 23518 [egg-security] use methodnoallow middleware
2022-03-06 17:46:26,597 INFO 23518 [egg-security] use noopen middleware
2022-03-06 17:46:26,598 INFO 23518 [egg-security] use nosniff middleware
2022-03-06 17:46:26,599 INFO 23518 [egg-security] use xssProtection middleware
2022-03-06 17:46:26,600 INFO 23518 [egg-security] use xframe middleware
2022-03-06 17:46:26,601 INFO 23518 [egg-security] use dta middleware
2022-03-06 17:46:26,602 INFO 23518 [egg-security] compose 7 middlewares into one security middleware
2022-03-06 17:46:26,613 INFO 23518 [egg:core] dump config after load, 4ms
2022-03-06 17:46:26,622 INFO 23518 [egg-watcher:application] watcher start success
2022-03-06 17:46:26,628 INFO 23518 [egg:core] dump config after ready, 3ms
2022-03-06 17:48:45,822 INFO 23615 [egg:logger] init all loggers with options: {"dir":"/Users/bips/Documents/gitres/web/electron/littleCRM/logs/littlecrm","encoding":"utf8","env":"local","level":"INFO","consoleLevel":"INFO","disableConsoleAfterReady":false,"outputJSON":false,"buffer":true,"appLogName":"littlecrm-web.log","coreLogName":"egg-web.log","agentLogName":"egg-agent.log","errorLogName":"common-error.log","coreLogger":{"consoleLevel":"WARN"},"allowDebugAtProd":false,"enablePerformanceTimer":false,"type":"application"}
2022-03-06 17:48:45,860 INFO 23615 [egg-multipart] stream mode enable
2022-03-06 17:48:46,038 INFO 23615 [egg-static] starting static serve /public/ -> /Users/bips/Documents/gitres/web/electron/littleCRM/app/public
2022-03-06 17:48:46,040 INFO 23615 [egg-security] use csrf middleware
2022-03-06 17:48:46,042 INFO 23615 [egg-security] use methodnoallow middleware
2022-03-06 17:48:46,042 INFO 23615 [egg-security] use noopen middleware
2022-03-06 17:48:46,044 INFO 23615 [egg-security] use nosniff middleware
2022-03-06 17:48:46,045 INFO 23615 [egg-security] use xssProtection middleware
2022-03-06 17:48:46,046 INFO 23615 [egg-security] use xframe middleware
2022-03-06 17:48:46,047 INFO 23615 [egg-security] use dta middleware
2022-03-06 17:48:46,047 INFO 23615 [egg-security] compose 7 middlewares into one security middleware
2022-03-06 17:48:46,056 INFO 23615 [egg:core] dump config after load, 4ms
2022-03-06 17:48:46,066 INFO 23615 [egg-watcher:application] watcher start success
2022-03-06 17:48:46,071 INFO 23615 [egg:core] dump config after ready, 4ms
2022-03-06 17:48:49,508 INFO 23618 [egg:logger] init all loggers with options: {"dir":"/Users/bips/Documents/gitres/web/electron/littleCRM/logs/littlecrm","encoding":"utf8","env":"local","level":"INFO","consoleLevel":"INFO","disableConsoleAfterReady":false,"outputJSON":false,"buffer":true,"appLogName":"littlecrm-web.log","coreLogName":"egg-web.log","agentLogName":"egg-agent.log","errorLogName":"common-error.log","coreLogger":{"consoleLevel":"WARN"},"allowDebugAtProd":false,"enablePerformanceTimer":false,"type":"application"}
2022-03-06 17:48:49,530 INFO 23618 [egg-multipart] stream mode enable
2022-03-06 17:48:49,630 INFO 23618 [egg-static] starting static serve /public/ -> /Users/bips/Documents/gitres/web/electron/littleCRM/app/public
2022-03-06 17:48:49,631 INFO 23618 [egg-security] use csrf middleware
2022-03-06 17:48:49,632 INFO 23618 [egg-security] use methodnoallow middleware
2022-03-06 17:48:49,632 INFO 23618 [egg-security] use noopen middleware
2022-03-06 17:48:49,633 INFO 23618 [egg-security] use nosniff middleware
2022-03-06 17:48:49,633 INFO 23618 [egg-security] use xssProtection middleware
2022-03-06 17:48:49,633 INFO 23618 [egg-security] use xframe middleware
2022-03-06 17:48:49,633 INFO 23618 [egg-security] use dta middleware
2022-03-06 17:48:49,633 INFO 23618 [egg-security] compose 7 middlewares into one security middleware
2022-03-06 17:48:49,657 INFO 23618 [egg:core] dump config after load, 19ms
2022-03-06 17:48:49,671 INFO 23618 [egg-watcher:application] watcher start success
2022-03-06 17:48:49,676 INFO 23618 [egg:core] dump config after ready, 3ms
2022-03-06 17:48:52,068 INFO 23620 [egg:logger] init all loggers with options: {"dir":"/Users/bips/Documents/gitres/web/electron/littleCRM/logs/littlecrm","encoding":"utf8","env":"local","level":"INFO","consoleLevel":"INFO","disableConsoleAfterReady":false,"outputJSON":false,"buffer":true,"appLogName":"littlecrm-web.log","coreLogName":"egg-web.log","agentLogName":"egg-agent.log","errorLogName":"common-error.log","coreLogger":{"consoleLevel":"WARN"},"allowDebugAtProd":false,"enablePerformanceTimer":false,"type":"application"}
2022-03-06 17:48:52,094 INFO 23620 [egg-multipart] stream mode enable
2022-03-06 17:48:52,153 INFO 23620 [egg-static] starting static serve /public/ -> /Users/bips/Documents/gitres/web/electron/littleCRM/app/public
2022-03-06 17:48:52,155 INFO 23620 [egg-security] use csrf middleware
2022-03-06 17:48:52,156 INFO 23620 [egg-security] use methodnoallow middleware
2022-03-06 17:48:52,156 INFO 23620 [egg-security] use noopen middleware
2022-03-06 17:48:52,156 INFO 23620 [egg-security] use nosniff middleware
2022-03-06 17:48:52,157 INFO 23620 [egg-security] use xssProtection middleware
2022-03-06 17:48:52,157 INFO 23620 [egg-security] use xframe middleware
2022-03-06 17:48:52,157 INFO 23620 [egg-security] use dta middleware
2022-03-06 17:48:52,157 INFO 23620 [egg-security] compose 7 middlewares into one security middleware
2022-03-06 17:48:52,164 INFO 23620 [egg:core] dump config after load, 3ms
2022-03-06 17:48:52,182 INFO 23620 [egg-watcher:application] watcher start success
2022-03-06 17:48:52,189 INFO 23620 [egg:core] dump config after ready, 4ms
2022-03-06 17:52:28,053 INFO 23855 [egg:logger] init all loggers with options: {"dir":"/Users/bips/Documents/gitres/web/electron/littleCRM/logs/littlecrm","encoding":"utf8","env":"local","level":"INFO","consoleLevel":"INFO","disableConsoleAfterReady":false,"outputJSON":false,"buffer":true,"appLogName":"littlecrm-web.log","coreLogName":"egg-web.log","agentLogName":"egg-agent.log","errorLogName":"common-error.log","coreLogger":{"consoleLevel":"WARN"},"allowDebugAtProd":false,"enablePerformanceTimer":false,"type":"application"}
2022-03-06 17:52:28,082 INFO 23855 [egg-multipart] stream mode enable
2022-03-06 17:52:28,232 INFO 23855 [egg-static] starting static serve /public/ -> /Users/bips/Documents/gitres/web/electron/littleCRM/app/public
2022-03-06 17:52:28,234 INFO 23855 [egg-security] use csrf middleware
2022-03-06 17:52:28,236 INFO 23855 [egg-security] use methodnoallow middleware
2022-03-06 17:52:28,237 INFO 23855 [egg-security] use noopen middleware
2022-03-06 17:52:28,238 INFO 23855 [egg-security] use nosniff middleware
2022-03-06 17:52:28,239 INFO 23855 [egg-security] use xssProtection middleware
2022-03-06 17:52:28,240 INFO 23855 [egg-security] use xframe middleware
2022-03-06 17:52:28,241 INFO 23855 [egg-security] use dta middleware
2022-03-06 17:52:28,241 INFO 23855 [egg-security] compose 7 middlewares into one security middleware
2022-03-06 17:52:28,252 INFO 23855 [egg:core] dump config after load, 5ms
2022-03-06 17:52:28,264 INFO 23855 [egg-watcher:application] watcher start success
2022-03-06 17:52:28,271 INFO 23855 [egg:core] dump config after ready, 5ms
2022-03-06 17:55:36,662 INFO 23908 [egg:logger] init all loggers with options: {"dir":"/Users/bips/Documents/gitres/web/electron/littleCRM/logs/littlecrm","encoding":"utf8","env":"local","level":"INFO","consoleLevel":"INFO","disableConsoleAfterReady":false,"outputJSON":false,"buffer":true,"appLogName":"littlecrm-web.log","coreLogName":"egg-web.log","agentLogName":"egg-agent.log","errorLogName":"common-error.log","coreLogger":{"consoleLevel":"WARN"},"allowDebugAtProd":false,"enablePerformanceTimer":false,"type":"application"}
2022-03-06 17:55:36,690 INFO 23908 [egg-multipart] stream mode enable
2022-03-06 17:55:36,818 INFO 23908 [egg-static] starting static serve /public/ -> /Users/bips/Documents/gitres/web/electron/littleCRM/app/public
2022-03-06 17:55:36,820 INFO 23908 [egg-security] use csrf middleware
2022-03-06 17:55:36,821 INFO 23908 [egg-security] use methodnoallow middleware
2022-03-06 17:55:36,822 INFO 23908 [egg-security] use noopen middleware
2022-03-06 17:55:36,823 INFO 23908 [egg-security] use nosniff middleware
2022-03-06 17:55:36,823 INFO 23908 [egg-security] use xssProtection middleware
2022-03-06 17:55:36,824 INFO 23908 [egg-security] use xframe middleware
2022-03-06 17:55:36,824 INFO 23908 [egg-security] use dta middleware
2022-03-06 17:55:36,825 INFO 23908 [egg-security] compose 7 middlewares into one security middleware
2022-03-06 17:55:36,834 INFO 23908 [egg:core] dump config after load, 5ms
2022-03-06 17:55:36,842 INFO 23908 [egg-watcher:application] watcher start success
2022-03-06 17:55:36,847 INFO 23908 [egg:core] dump config after ready, 4ms
2022-03-06 17:55:38,766 INFO 23909 [egg:logger] init all loggers with options: {"dir":"/Users/bips/Documents/gitres/web/electron/littleCRM/logs/littlecrm","encoding":"utf8","env":"local","level":"INFO","consoleLevel":"INFO","disableConsoleAfterReady":false,"outputJSON":false,"buffer":true,"appLogName":"littlecrm-web.log","coreLogName":"egg-web.log","agentLogName":"egg-agent.log","errorLogName":"common-error.log","coreLogger":{"consoleLevel":"WARN"},"allowDebugAtProd":false,"enablePerformanceTimer":false,"type":"application"}
2022-03-06 17:55:38,787 INFO 23909 [egg-multipart] stream mode enable
2022-03-06 17:55:38,865 INFO 23909 [egg-static] starting static serve /public/ -> /Users/bips/Documents/gitres/web/electron/littleCRM/app/public
2022-03-06 17:55:38,867 INFO 23909 [egg-security] use csrf middleware
2022-03-06 17:55:38,867 INFO 23909 [egg-security] use methodnoallow middleware
2022-03-06 17:55:38,868 INFO 23909 [egg-security] use noopen middleware
2022-03-06 17:55:38,868 INFO 23909 [egg-security] use nosniff middleware
2022-03-06 17:55:38,869 INFO 23909 [egg-security] use xssProtection middleware
2022-03-06 17:55:38,869 INFO 23909 [egg-security] use xframe middleware
2022-03-06 17:55:38,869 INFO 23909 [egg-security] use dta middleware
2022-03-06 17:55:38,869 INFO 23909 [egg-security] compose 7 middlewares into one security middleware
2022-03-06 17:55:38,877 INFO 23909 [egg:core] dump config after load, 4ms
2022-03-06 17:55:38,885 INFO 23909 [egg-watcher:application] watcher start success
2022-03-06 17:55:38,890 INFO 23909 [egg:core] dump config after ready, 4ms
2022-03-06 17:55:50,786 INFO 23978 [egg:logger] init all loggers with options: {"dir":"/Users/bips/Documents/gitres/web/electron/littleCRM/logs/littlecrm","encoding":"utf8","env":"local","level":"INFO","consoleLevel":"INFO","disableConsoleAfterReady":false,"outputJSON":false,"buffer":true,"appLogName":"littlecrm-web.log","coreLogName":"egg-web.log","agentLogName":"egg-agent.log","errorLogName":"common-error.log","coreLogger":{"consoleLevel":"WARN"},"allowDebugAtProd":false,"enablePerformanceTimer":false,"type":"application"}
2022-03-06 17:55:50,805 INFO 23978 [egg-multipart] stream mode enable
2022-03-06 17:55:50,880 INFO 23978 [egg-static] starting static serve /public/ -> /Users/bips/Documents/gitres/web/electron/littleCRM/app/public
2022-03-06 17:55:50,882 INFO 23978 [egg-security] use csrf middleware
2022-03-06 17:55:50,882 INFO 23978 [egg-security] use methodnoallow middleware
2022-03-06 17:55:50,883 INFO 23978 [egg-security] use noopen middleware
2022-03-06 17:55:50,883 INFO 23978 [egg-security] use nosniff middleware
2022-03-06 17:55:50,883 INFO 23978 [egg-security] use xssProtection middleware
2022-03-06 17:55:50,884 INFO 23978 [egg-security] use xframe middleware
2022-03-06 17:55:50,884 INFO 23978 [egg-security] use dta middleware
2022-03-06 17:55:50,884 INFO 23978 [egg-security] compose 7 middlewares into one security middleware
2022-03-06 17:55:50,892 INFO 23978 [egg:core] dump config after load, 4ms
2022-03-06 17:55:50,902 INFO 23978 [egg-watcher:application] watcher start success
2022-03-06 17:55:50,907 INFO 23978 [egg:core] dump config after ready, 3ms
2022-03-06 17:59:03,259 INFO 24053 [egg:logger] init all loggers with options: {"dir":"/Users/bips/Documents/gitres/web/electron/littleCRM/logs/littlecrm","encoding":"utf8","env":"local","level":"INFO","consoleLevel":"INFO","disableConsoleAfterReady":false,"outputJSON":false,"buffer":true,"appLogName":"littlecrm-web.log","coreLogName":"egg-web.log","agentLogName":"egg-agent.log","errorLogName":"common-error.log","coreLogger":{"consoleLevel":"WARN"},"allowDebugAtProd":false,"enablePerformanceTimer":false,"type":"application"}
2022-03-06 17:59:03,283 INFO 24053 [egg-multipart] stream mode enable
2022-03-06 17:59:03,471 INFO 24053 [egg-static] starting static serve /public/ -> /Users/bips/Documents/gitres/web/electron/littleCRM/app/public
2022-03-06 17:59:03,473 INFO 24053 [egg-security] use csrf middleware
2022-03-06 17:59:03,473 INFO 24053 [egg-security] use methodnoallow middleware
2022-03-06 17:59:03,474 INFO 24053 [egg-security] use noopen middleware
2022-03-06 17:59:03,475 INFO 24053 [egg-security] use nosniff middleware
2022-03-06 17:59:03,475 INFO 24053 [egg-security] use xssProtection middleware
2022-03-06 17:59:03,476 INFO 24053 [egg-security] use xframe middleware
2022-03-06 17:59:03,476 INFO 24053 [egg-security] use dta middleware
2022-03-06 17:59:03,476 INFO 24053 [egg-security] compose 7 middlewares into one security middleware
2022-03-06 17:59:03,487 INFO 24053 [egg:core] dump config after load, 6ms
2022-03-06 17:59:03,497 INFO 24053 [egg-watcher:application] watcher start success
2022-03-06 17:59:03,503 INFO 24053 [egg:core] dump config after ready, 4ms
2022-03-06 17:59:26,007 INFO 24061 [egg:logger] init all loggers with options: {"dir":"/Users/bips/Documents/gitres/web/electron/littleCRM/logs/littlecrm","encoding":"utf8","env":"local","level":"INFO","consoleLevel":"INFO","disableConsoleAfterReady":false,"outputJSON":false,"buffer":true,"appLogName":"littlecrm-web.log","coreLogName":"egg-web.log","agentLogName":"egg-agent.log","errorLogName":"common-error.log","coreLogger":{"consoleLevel":"WARN"},"allowDebugAtProd":false,"enablePerformanceTimer":false,"type":"application"}
2022-03-06 17:59:26,031 INFO 24061 [egg-multipart] stream mode enable
2022-03-06 17:59:26,180 INFO 24061 [egg-static] starting static serve /public/ -> /Users/bips/Documents/gitres/web/electron/littleCRM/app/public
2022-03-06 17:59:26,182 INFO 24061 [egg-security] use csrf middleware
2022-03-06 17:59:26,183 INFO 24061 [egg-security] use methodnoallow middleware
2022-03-06 17:59:26,184 INFO 24061 [egg-security] use noopen middleware
2022-03-06 17:59:26,184 INFO 24061 [egg-security] use nosniff middleware
2022-03-06 17:59:26,185 INFO 24061 [egg-security] use xssProtection middleware
2022-03-06 17:59:26,186 INFO 24061 [egg-security] use xframe middleware
2022-03-06 17:59:26,186 INFO 24061 [egg-security] use dta middleware
2022-03-06 17:59:26,186 INFO 24061 [egg-security] compose 7 middlewares into one security middleware
2022-03-06 17:59:26,195 INFO 24061 [egg:core] dump config after load, 4ms
2022-03-06 17:59:26,204 INFO 24061 [egg-watcher:application] watcher start success
2022-03-06 17:59:26,211 INFO 24061 [egg:core] dump config after ready, 5ms
2022-03-06 18:12:04,172 INFO 24585 [egg:logger] init all loggers with options: {"dir":"/Users/bips/Documents/gitres/web/electron/littleCRM/logs/littlecrm","encoding":"utf8","env":"local","level":"INFO","consoleLevel":"INFO","disableConsoleAfterReady":false,"outputJSON":false,"buffer":true,"appLogName":"littlecrm-web.log","coreLogName":"egg-web.log","agentLogName":"egg-agent.log","errorLogName":"common-error.log","coreLogger":{"consoleLevel":"WARN"},"allowDebugAtProd":false,"enablePerformanceTimer":false,"type":"application"}
2022-03-06 18:12:04,193 INFO 24585 [egg-multipart] stream mode enable
2022-03-06 18:12:04,306 INFO 24585 [egg-static] starting static serve /public/ -> /Users/bips/Documents/gitres/web/electron/littleCRM/app/public
2022-03-06 18:12:04,308 INFO 24585 [egg-security] use csrf middleware
2022-03-06 18:12:04,309 INFO 24585 [egg-security] use methodnoallow middleware
2022-03-06 18:12:04,310 INFO 24585 [egg-security] use noopen middleware
2022-03-06 18:12:04,311 INFO 24585 [egg-security] use nosniff middleware
2022-03-06 18:12:04,313 INFO 24585 [egg-security] use xssProtection middleware
2022-03-06 18:12:04,314 INFO 24585 [egg-security] use xframe middleware
2022-03-06 18:12:04,314 INFO 24585 [egg-security] use dta middleware
2022-03-06 18:12:04,314 INFO 24585 [egg-security] compose 7 middlewares into one security middleware
2022-03-06 18:12:04,326 INFO 24585 [egg:core] dump config after load, 6ms
2022-03-06 18:12:04,338 INFO 24585 [egg-watcher:application] watcher start success
2022-03-06 18:12:04,343 INFO 24585 [egg:core] dump config after ready, 4ms
2022-03-06 18:15:45,616 INFO 24723 [egg:logger] init all loggers with options: {"dir":"/Users/bips/Documents/gitres/web/electron/littleCRM/logs/littlecrm","encoding":"utf8","env":"local","level":"INFO","consoleLevel":"INFO","disableConsoleAfterReady":false,"outputJSON":false,"buffer":true,"appLogName":"littlecrm-web.log","coreLogName":"egg-web.log","agentLogName":"egg-agent.log","errorLogName":"common-error.log","coreLogger":{"consoleLevel":"WARN"},"allowDebugAtProd":false,"enablePerformanceTimer":false,"type":"application"}
2022-03-06 18:15:45,635 INFO 24723 [egg-multipart] stream mode enable
2022-03-06 18:15:45,764 INFO 24723 [egg-static] starting static serve /public/ -> /Users/bips/Documents/gitres/web/electron/littleCRM/app/public
2022-03-06 18:15:45,766 INFO 24723 [egg-security] use csrf middleware
2022-03-06 18:15:45,767 INFO 24723 [egg-security] use methodnoallow middleware
2022-03-06 18:15:45,767 INFO 24723 [egg-security] use noopen middleware
2022-03-06 18:15:45,768 INFO 24723 [egg-security] use nosniff middleware
2022-03-06 18:15:45,769 INFO 24723 [egg-security] use xssProtection middleware
2022-03-06 18:15:45,769 INFO 24723 [egg-security] use xframe middleware
2022-03-06 18:15:45,770 INFO 24723 [egg-security] use dta middleware
2022-03-06 18:15:45,770 INFO 24723 [egg-security] compose 7 middlewares into one security middleware
2022-03-06 18:15:45,783 INFO 24723 [egg:core] dump config after load, 9ms
2022-03-06 18:15:45,793 INFO 24723 [egg-watcher:application] watcher start success
2022-03-06 18:15:45,800 INFO 24723 [egg:core] dump config after ready, 6ms
2022-03-06 18:17:54,122 INFO 24887 [egg:logger] init all loggers with options: {"dir":"/Users/bips/Documents/gitres/web/electron/littleCRM/logs/littlecrm","encoding":"utf8","env":"local","level":"INFO","consoleLevel":"INFO","disableConsoleAfterReady":false,"outputJSON":false,"buffer":true,"appLogName":"littlecrm-web.log","coreLogName":"egg-web.log","agentLogName":"egg-agent.log","errorLogName":"common-error.log","coreLogger":{"consoleLevel":"WARN"},"allowDebugAtProd":false,"enablePerformanceTimer":false,"type":"application"}
2022-03-06 18:17:54,140 INFO 24887 [egg-multipart] stream mode enable
2022-03-06 18:17:54,241 INFO 24887 [egg-static] starting static serve /public/ -> /Users/bips/Documents/gitres/web/electron/littleCRM/app/public
2022-03-06 18:17:54,243 INFO 24887 [egg-security] use csrf middleware
2022-03-06 18:17:54,244 INFO 24887 [egg-security] use methodnoallow middleware
2022-03-06 18:17:54,244 INFO 24887 [egg-security] use noopen middleware
2022-03-06 18:17:54,245 INFO 24887 [egg-security] use nosniff middleware
2022-03-06 18:17:54,246 INFO 24887 [egg-security] use xssProtection middleware
2022-03-06 18:17:54,246 INFO 24887 [egg-security] use xframe middleware
2022-03-06 18:17:54,247 INFO 24887 [egg-security] use dta middleware
2022-03-06 18:17:54,247 INFO 24887 [egg-security] compose 7 middlewares into one security middleware
2022-03-06 18:17:54,256 INFO 24887 [egg:core] dump config after load, 3ms
2022-03-06 18:17:54,267 INFO 24887 [egg-watcher:application] watcher start success
2022-03-06 18:17:54,273 INFO 24887 [egg:core] dump config after ready, 4ms
2022-03-06 18:33:08,804 INFO 26305 [egg:logger] init all loggers with options: {"dir":"/Users/bips/Documents/gitres/web/electron/littleCRM/logs/littlecrm","encoding":"utf8","env":"local","level":"INFO","consoleLevel":"INFO","disableConsoleAfterReady":false,"outputJSON":false,"buffer":true,"appLogName":"littlecrm-web.log","coreLogName":"egg-web.log","agentLogName":"egg-agent.log","errorLogName":"common-error.log","coreLogger":{"consoleLevel":"WARN"},"allowDebugAtProd":false,"enablePerformanceTimer":false,"type":"application"}
2022-03-06 18:33:08,823 INFO 26305 [egg-multipart] stream mode enable
2022-03-06 18:33:08,923 INFO 26305 [egg-static] starting static serve /public/ -> /Users/bips/Documents/gitres/web/electron/littleCRM/app/public
2022-03-06 18:33:08,925 INFO 26305 [egg-security] use csrf middleware
2022-03-06 18:33:08,926 INFO 26305 [egg-security] use methodnoallow middleware
2022-03-06 18:33:08,927 INFO 26305 [egg-security] use noopen middleware
2022-03-06 18:33:08,927 INFO 26305 [egg-security] use nosniff middleware
2022-03-06 18:33:08,928 INFO 26305 [egg-security] use xssProtection middleware
2022-03-06 18:33:08,929 INFO 26305 [egg-security] use xframe middleware
2022-03-06 18:33:08,929 INFO 26305 [egg-security] use dta middleware
2022-03-06 18:33:08,929 INFO 26305 [egg-security] compose 7 middlewares into one security middleware
2022-03-06 18:33:08,937 INFO 26305 [egg:core] dump config after load, 4ms
2022-03-06 18:33:08,947 INFO 26305 [egg-watcher:application] watcher start success
2022-03-06 18:33:08,953 INFO 26305 [egg:core] dump config after ready, 4ms
2022-03-06 18:34:16,757 INFO 26495 [egg:logger] init all loggers with options: {"dir":"/Users/bips/Documents/gitres/web/electron/littleCRM/logs/littlecrm","encoding":"utf8","env":"local","level":"INFO","consoleLevel":"INFO","disableConsoleAfterReady":false,"outputJSON":false,"buffer":true,"appLogName":"littlecrm-web.log","coreLogName":"egg-web.log","agentLogName":"egg-agent.log","errorLogName":"common-error.log","coreLogger":{"consoleLevel":"WARN"},"allowDebugAtProd":false,"enablePerformanceTimer":false,"type":"application"}
2022-03-06 18:34:16,775 INFO 26495 [egg-multipart] stream mode enable
2022-03-06 18:34:16,908 INFO 26495 [egg-static] starting static serve /public/ -> /Users/bips/Documents/gitres/web/electron/littleCRM/app/public
2022-03-06 18:34:16,910 INFO 26495 [egg-security] use csrf middleware
2022-03-06 18:34:16,911 INFO 26495 [egg-security] use methodnoallow middleware
2022-03-06 18:34:16,912 INFO 26495 [egg-security] use noopen middleware
2022-03-06 18:34:16,912 INFO 26495 [egg-security] use nosniff middleware
2022-03-06 18:34:16,913 INFO 26495 [egg-security] use xssProtection middleware
2022-03-06 18:34:16,913 INFO 26495 [egg-security] use xframe middleware
2022-03-06 18:34:16,914 INFO 26495 [egg-security] use dta middleware
2022-03-06 18:34:16,914 INFO 26495 [egg-security] compose 7 middlewares into one security middleware
2022-03-06 18:34:16,922 INFO 26495 [egg:core] dump config after load, 4ms
2022-03-06 18:34:16,931 INFO 26495 [egg-watcher:application] watcher start success
2022-03-06 18:34:16,936 INFO 26495 [egg:core] dump config after ready, 3ms
2022-03-06 19:01:05,879 INFO 27962 [egg:logger] init all loggers with options: {"dir":"/Users/bips/Documents/gitres/web/electron/littleCRM/logs/littlecrm","encoding":"utf8","env":"local","level":"INFO","consoleLevel":"INFO","disableConsoleAfterReady":false,"outputJSON":false,"buffer":true,"appLogName":"littlecrm-web.log","coreLogName":"egg-web.log","agentLogName":"egg-agent.log","errorLogName":"common-error.log","coreLogger":{"consoleLevel":"WARN"},"allowDebugAtProd":false,"enablePerformanceTimer":false,"type":"application"}
2022-03-06 19:01:05,900 INFO 27962 [egg-multipart] stream mode enable
2022-03-06 19:01:06,250 INFO 27962 [egg-static] starting static serve /public/ -> /Users/bips/Documents/gitres/web/electron/littleCRM/app/public
2022-03-06 19:01:06,252 INFO 27962 [egg-security] use csrf middleware
2022-03-06 19:01:06,253 INFO 27962 [egg-security] use methodnoallow middleware
2022-03-06 19:01:06,253 INFO 27962 [egg-security] use noopen middleware
2022-03-06 19:01:06,254 INFO 27962 [egg-security] use nosniff middleware
2022-03-06 19:01:06,255 INFO 27962 [egg-security] use xssProtection middleware
2022-03-06 19:01:06,255 INFO 27962 [egg-security] use xframe middleware
2022-03-06 19:01:06,256 INFO 27962 [egg-security] use dta middleware
2022-03-06 19:01:06,256 INFO 27962 [egg-security] compose 7 middlewares into one security middleware
2022-03-06 19:01:06,265 INFO 27962 [egg:core] dump config after load, 5ms
2022-03-06 19:01:06,283 INFO 27962 [egg-watcher:application] watcher start success
2022-03-06 19:01:06,289 INFO 27962 [egg:core] dump config after ready, 4ms
2022-03-06 19:21:55,631 INFO 30876 [egg:logger] init all loggers with options: {"dir":"/Users/bips/Documents/gitres/web/electron/littleCRM/logs/littlecrm","encoding":"utf8","env":"local","level":"INFO","consoleLevel":"INFO","disableConsoleAfterReady":false,"outputJSON":false,"buffer":true,"appLogName":"littlecrm-web.log","coreLogName":"egg-web.log","agentLogName":"egg-agent.log","errorLogName":"common-error.log","coreLogger":{"consoleLevel":"WARN"},"allowDebugAtProd":false,"enablePerformanceTimer":false,"type":"application"}
2022-03-06 19:21:55,652 INFO 30876 [egg-multipart] stream mode enable
2022-03-06 19:21:55,803 INFO 30876 [egg-static] starting static serve /public/ -> /Users/bips/Documents/gitres/web/electron/littleCRM/app/public
2022-03-06 19:21:55,805 INFO 30876 [egg-security] use csrf middleware
2022-03-06 19:21:55,806 INFO 30876 [egg-security] use methodnoallow middleware
2022-03-06 19:21:55,807 INFO 30876 [egg-security] use noopen middleware
2022-03-06 19:21:55,808 INFO 30876 [egg-security] use nosniff middleware
2022-03-06 19:21:55,808 INFO 30876 [egg-security] use xssProtection middleware
2022-03-06 19:21:55,809 INFO 30876 [egg-security] use xframe middleware
2022-03-06 19:21:55,810 INFO 30876 [egg-security] use dta middleware
2022-03-06 19:21:55,810 INFO 30876 [egg-security] compose 7 middlewares into one security middleware
2022-03-06 19:21:55,819 INFO 30876 [egg:core] dump config after load, 4ms
2022-03-06 19:21:55,832 INFO 30876 [egg-watcher:application] watcher start success
2022-03-06 19:21:55,839 INFO 30876 [egg:core] dump config after ready, 5ms
2022-03-07 17:30:33,793 INFO 11580 [egg:logger] init all loggers with options: {"dir":"/Users/bips/Documents/gitres/web/electron/littleCRM/logs/littlecrm","encoding":"utf8","env":"local","level":"INFO","consoleLevel":"INFO","disableConsoleAfterReady":false,"outputJSON":false,"buffer":true,"appLogName":"littlecrm-web.log","coreLogName":"egg-web.log","agentLogName":"egg-agent.log","errorLogName":"common-error.log","coreLogger":{"consoleLevel":"WARN"},"allowDebugAtProd":false,"enablePerformanceTimer":false,"type":"application"}
2022-03-07 17:30:33,815 INFO 11580 [egg-multipart] stream mode enable
2022-03-07 17:30:33,984 INFO 11580 [egg-static] starting static serve /public/ -> /Users/bips/Documents/gitres/web/electron/littleCRM/app/public
2022-03-07 17:30:33,986 INFO 11580 [egg-security] use csrf middleware
2022-03-07 17:30:33,988 INFO 11580 [egg-security] use methodnoallow middleware
2022-03-07 17:30:33,989 INFO 11580 [egg-security] use noopen middleware
2022-03-07 17:30:33,990 INFO 11580 [egg-security] use nosniff middleware
2022-03-07 17:30:33,991 INFO 11580 [egg-security] use xssProtection middleware
2022-03-07 17:30:33,992 INFO 11580 [egg-security] use xframe middleware
2022-03-07 17:30:33,993 INFO 11580 [egg-security] use dta middleware
2022-03-07 17:30:33,993 INFO 11580 [egg-security] compose 7 middlewares into one security middleware
2022-03-07 17:30:34,004 INFO 11580 [egg:core] dump config after load, 4ms
2022-03-07 17:30:34,014 INFO 11580 [egg-watcher:application] watcher start success
2022-03-07 17:30:34,020 INFO 11580 [egg:core] dump config after ready, 4ms
2022-03-12 12:45:33,952 INFO 1303 [egg:logger] init all loggers with options: {"dir":"/Users/bips/Documents/gitres/web/electron/littleCRM/logs/littlecrm","encoding":"utf8","env":"local","level":"INFO","consoleLevel":"INFO","disableConsoleAfterReady":false,"outputJSON":false,"buffer":true,"appLogName":"littlecrm-web.log","coreLogName":"egg-web.log","agentLogName":"egg-agent.log","errorLogName":"common-error.log","coreLogger":{"consoleLevel":"WARN"},"allowDebugAtProd":false,"enablePerformanceTimer":false,"type":"application"}
2022-03-12 12:45:33,972 INFO 1303 [egg-multipart] stream mode enable
2022-03-12 12:45:33,972 INFO 1303 [egg-mysql] connecting root@127.0.0.1:3306/localhost
2022-03-12 12:45:34,245 INFO 1303 [egg-static] starting static serve /public/ -> /Users/bips/Documents/gitres/web/electron/littleCRM/app/public
2022-03-12 12:45:34,248 INFO 1303 [egg-security] use csrf middleware
2022-03-12 12:45:34,250 INFO 1303 [egg-security] use methodnoallow middleware
2022-03-12 12:45:34,251 INFO 1303 [egg-security] use noopen middleware
2022-03-12 12:45:34,252 INFO 1303 [egg-security] use nosniff middleware
2022-03-12 12:45:34,253 INFO 1303 [egg-security] use xssProtection middleware
2022-03-12 12:45:34,255 INFO 1303 [egg-security] use xframe middleware
2022-03-12 12:45:34,256 INFO 1303 [egg-security] use dta middleware
2022-03-12 12:45:34,256 INFO 1303 [egg-security] compose 7 middlewares into one security middleware
2022-03-12 12:45:34,268 INFO 1303 [egg:core] dump config after load, 5ms
2022-03-12 12:45:34,288 INFO 1303 [egg:core] dump config after ready, 4ms
2022-03-12 12:45:34,296 INFO 1303 [egg-watcher:application] watcher start success
2022-03-12 12:56:20,071 INFO 1708 [egg:logger] init all loggers with options: {"dir":"/Users/bips/Documents/gitres/web/electron/littleCRM/logs/littlecrm","encoding":"utf8","env":"local","level":"INFO","consoleLevel":"INFO","disableConsoleAfterReady":false,"outputJSON":false,"buffer":true,"appLogName":"littlecrm-web.log","coreLogName":"egg-web.log","agentLogName":"egg-agent.log","errorLogName":"common-error.log","coreLogger":{"consoleLevel":"WARN"},"allowDebugAtProd":false,"enablePerformanceTimer":false,"type":"application"}
2022-03-12 12:56:20,096 INFO 1708 [egg-multipart] stream mode enable
2022-03-12 12:56:20,096 INFO 1708 [egg-mysql] connecting root@127.0.0.1:3306/localhost
2022-03-12 12:56:20,317 INFO 1708 [egg-static] starting static serve /public/ -> /Users/bips/Documents/gitres/web/electron/littleCRM/app/public
2022-03-12 12:56:20,320 INFO 1708 [egg-security] use csrf middleware
2022-03-12 12:56:20,321 INFO 1708 [egg-security] use methodnoallow middleware
2022-03-12 12:56:20,321 INFO 1708 [egg-security] use noopen middleware
2022-03-12 12:56:20,322 INFO 1708 [egg-security] use nosniff middleware
2022-03-12 12:56:20,323 INFO 1708 [egg-security] use xssProtection middleware
2022-03-12 12:56:20,324 INFO 1708 [egg-security] use xframe middleware
2022-03-12 12:56:20,324 INFO 1708 [egg-security] use dta middleware
2022-03-12 12:56:20,324 INFO 1708 [egg-security] compose 7 middlewares into one security middleware
2022-03-12 12:56:20,333 INFO 1708 [egg:core] dump config after load, 3ms
2022-03-12 12:56:20,358 INFO 1708 [egg-watcher:application] watcher start success
2022-03-12 12:56:20,376 INFO 1708 [egg:core] dump config after ready, 8ms
2022-03-12 12:56:57,312 INFO 1884 [egg:logger] init all loggers with options: {"dir":"/Users/bips/Documents/gitres/web/electron/littleCRM/logs/littlecrm","encoding":"utf8","env":"local","level":"INFO","consoleLevel":"INFO","disableConsoleAfterReady":false,"outputJSON":false,"buffer":true,"appLogName":"littlecrm-web.log","coreLogName":"egg-web.log","agentLogName":"egg-agent.log","errorLogName":"common-error.log","coreLogger":{"consoleLevel":"WARN"},"allowDebugAtProd":false,"enablePerformanceTimer":false,"type":"application"}
2022-03-12 12:56:57,332 INFO 1884 [egg-multipart] stream mode enable
2022-03-12 12:56:57,332 INFO 1884 [egg-mysql] connecting root@127.0.0.1:3306/localhost
2022-03-12 12:56:57,569 INFO 1884 [egg-static] starting static serve /public/ -> /Users/bips/Documents/gitres/web/electron/littleCRM/app/public
2022-03-12 12:56:57,572 INFO 1884 [egg-security] use csrf middleware
2022-03-12 12:56:57,574 INFO 1884 [egg-security] use methodnoallow middleware
2022-03-12 12:56:57,575 INFO 1884 [egg-security] use noopen middleware
2022-03-12 12:56:57,577 INFO 1884 [egg-security] use nosniff middleware
2022-03-12 12:56:57,578 INFO 1884 [egg-security] use xssProtection middleware
2022-03-12 12:56:57,579 INFO 1884 [egg-security] use xframe middleware
2022-03-12 12:56:57,580 INFO 1884 [egg-security] use dta middleware
2022-03-12 12:56:57,580 INFO 1884 [egg-security] compose 7 middlewares into one security middleware
2022-03-12 12:56:57,591 INFO 1884 [egg:core] dump config after load, 4ms
2022-03-12 12:56:57,603 INFO 1884 [egg-watcher:application] watcher start success
2022-03-12 12:56:57,612 INFO 1884 [egg:core] dump config after ready, 4ms
2022-03-12 12:59:06,296 INFO 1981 [egg:logger] init all loggers with options: {"dir":"/Users/bips/Documents/gitres/web/electron/littleCRM/logs/littlecrm","encoding":"utf8","env":"local","level":"INFO","consoleLevel":"INFO","disableConsoleAfterReady":false,"outputJSON":false,"buffer":true,"appLogName":"littlecrm-web.log","coreLogName":"egg-web.log","agentLogName":"egg-agent.log","errorLogName":"common-error.log","coreLogger":{"consoleLevel":"WARN"},"allowDebugAtProd":false,"enablePerformanceTimer":false,"type":"application"}
2022-03-12 12:59:06,316 INFO 1981 [egg-multipart] stream mode enable
2022-03-12 12:59:06,316 INFO 1981 [egg-mysql] connecting root@127.0.0.1:3306/littlecrm
2022-03-12 12:59:06,538 INFO 1981 [egg-static] starting static serve /public/ -> /Users/bips/Documents/gitres/web/electron/littleCRM/app/public
2022-03-12 12:59:06,541 INFO 1981 [egg-security] use csrf middleware
2022-03-12 12:59:06,542 INFO 1981 [egg-security] use methodnoallow middleware
2022-03-12 12:59:06,544 INFO 1981 [egg-security] use noopen middleware
2022-03-12 12:59:06,545 INFO 1981 [egg-security] use nosniff middleware
2022-03-12 12:59:06,546 INFO 1981 [egg-security] use xssProtection middleware
2022-03-12 12:59:06,548 INFO 1981 [egg-security] use xframe middleware
2022-03-12 12:59:06,549 INFO 1981 [egg-security] use dta middleware
2022-03-12 12:59:06,549 INFO 1981 [egg-security] compose 7 middlewares into one security middleware
2022-03-12 12:59:06,560 INFO 1981 [egg:core] dump config after load, 4ms
2022-03-12 12:59:06,573 INFO 1981 [egg-watcher:application] watcher start success
2022-03-12 12:59:06,579 INFO 1981 [egg-mysql] instance[0] status OK, rds currentTime: Sat Mar 12 2022 12:59:06 GMT+0800 (China Standard Time)
2022-03-12 12:59:06,589 INFO 1981 [egg:core] dump config after ready, 4ms
2022-03-12 12:59:58,385 INFO 2231 [egg:logger] init all loggers with options: {"dir":"/Users/bips/Documents/gitres/web/electron/littleCRM/logs/littlecrm","encoding":"utf8","env":"local","level":"INFO","consoleLevel":"INFO","disableConsoleAfterReady":false,"outputJSON":false,"buffer":true,"appLogName":"littlecrm-web.log","coreLogName":"egg-web.log","agentLogName":"egg-agent.log","errorLogName":"common-error.log","coreLogger":{"consoleLevel":"WARN"},"allowDebugAtProd":false,"enablePerformanceTimer":false,"type":"application"}
2022-03-12 12:59:58,409 INFO 2231 [egg-multipart] stream mode enable
2022-03-12 12:59:58,409 INFO 2231 [egg-mysql] connecting root@127.0.0.1:3306/littlecrm
2022-03-12 12:59:58,529 INFO 2231 [egg-static] starting static serve /public/ -> /Users/bips/Documents/gitres/web/electron/littleCRM/app/public
2022-03-12 12:59:58,531 INFO 2231 [egg-security] use csrf middleware
2022-03-12 12:59:58,532 INFO 2231 [egg-security] use methodnoallow middleware
2022-03-12 12:59:58,532 INFO 2231 [egg-security] use noopen middleware
2022-03-12 12:59:58,532 INFO 2231 [egg-security] use nosniff middleware
2022-03-12 12:59:58,533 INFO 2231 [egg-security] use xssProtection middleware
2022-03-12 12:59:58,533 INFO 2231 [egg-security] use xframe middleware
2022-03-12 12:59:58,533 INFO 2231 [egg-security] use dta middleware
2022-03-12 12:59:58,533 INFO 2231 [egg-security] compose 7 middlewares into one security middleware
2022-03-12 12:59:58,541 INFO 2231 [egg:core] dump config after load, 4ms
2022-03-12 12:59:58,556 INFO 2231 [egg-watcher:application] watcher start success
2022-03-12 12:59:58,557 INFO 2231 [egg-mysql] instance[0] status OK, rds currentTime: Sat Mar 12 2022 12:59:58 GMT+0800 (China Standard Time)
2022-03-12 12:59:58,563 INFO 2231 [egg:core] dump config after ready, 4ms
2022-03-12 13:56:37,913 INFO 3471 [egg:logger] init all loggers with options: {"dir":"/Users/bips/Documents/gitres/web/electron/littleCRM/logs/littlecrm","encoding":"utf8","env":"local","level":"INFO","consoleLevel":"INFO","disableConsoleAfterReady":false,"outputJSON":false,"buffer":true,"appLogName":"littlecrm-web.log","coreLogName":"egg-web.log","agentLogName":"egg-agent.log","errorLogName":"common-error.log","coreLogger":{"consoleLevel":"WARN"},"allowDebugAtProd":false,"enablePerformanceTimer":false,"type":"application"}
2022-03-12 13:56:37,946 INFO 3471 [egg-multipart] stream mode enable
2022-03-12 13:56:37,946 INFO 3471 [egg-mysql] connecting root@127.0.0.1:3306/littlecrm
2022-03-12 13:56:38,217 INFO 3471 [egg-static] starting static serve /public/ -> /Users/bips/Documents/gitres/web/electron/littleCRM/app/public
2022-03-12 13:56:38,220 INFO 3471 [egg-security] use csrf middleware
2022-03-12 13:56:38,221 INFO 3471 [egg-security] use methodnoallow middleware
2022-03-12 13:56:38,222 INFO 3471 [egg-security] use noopen middleware
2022-03-12 13:56:38,223 INFO 3471 [egg-security] use nosniff middleware
2022-03-12 13:56:38,224 INFO 3471 [egg-security] use xssProtection middleware
2022-03-12 13:56:38,225 INFO 3471 [egg-security] use xframe middleware
2022-03-12 13:56:38,227 INFO 3471 [egg-security] use dta middleware
2022-03-12 13:56:38,227 INFO 3471 [egg-security] compose 7 middlewares into one security middleware
2022-03-12 13:56:38,236 INFO 3471 [egg:core] dump config after load, 3ms
2022-03-12 13:56:38,251 INFO 3471 [egg-watcher:application] watcher start success
2022-03-12 13:56:38,252 INFO 3471 [egg-mysql] instance[0] status OK, rds currentTime: Sat Mar 12 2022 13:56:38 GMT+0800 (China Standard Time)
2022-03-12 13:56:38,260 INFO 3471 [egg:core] dump config after ready, 6ms
2022-03-12 13:57:28,798 INFO 3502 [egg:logger] init all loggers with options: {"dir":"/Users/bips/Documents/gitres/web/electron/littleCRM/logs/littlecrm","encoding":"utf8","env":"local","level":"INFO","consoleLevel":"INFO","disableConsoleAfterReady":false,"outputJSON":false,"buffer":true,"appLogName":"littlecrm-web.log","coreLogName":"egg-web.log","agentLogName":"egg-agent.log","errorLogName":"common-error.log","coreLogger":{"consoleLevel":"WARN"},"allowDebugAtProd":false,"enablePerformanceTimer":false,"type":"application"}
2022-03-12 13:57:28,829 INFO 3502 [egg-multipart] stream mode enable
2022-03-12 13:57:28,830 INFO 3502 [egg-mysql] connecting root@127.0.0.1:3306/littlecrm
2022-03-12 13:57:29,092 INFO 3502 [egg-static] starting static serve /public/ -> /Users/bips/Documents/gitres/web/electron/littleCRM/app/public
2022-03-12 13:57:29,094 INFO 3502 [egg-security] use csrf middleware
2022-03-12 13:57:29,095 INFO 3502 [egg-security] use methodnoallow middleware
2022-03-12 13:57:29,096 INFO 3502 [egg-security] use noopen middleware
2022-03-12 13:57:29,097 INFO 3502 [egg-security] use nosniff middleware
2022-03-12 13:57:29,098 INFO 3502 [egg-security] use xssProtection middleware
2022-03-12 13:57:29,099 INFO 3502 [egg-security] use xframe middleware
2022-03-12 13:57:29,100 INFO 3502 [egg-security] use dta middleware
2022-03-12 13:57:29,100 INFO 3502 [egg-security] compose 7 middlewares into one security middleware
2022-03-12 13:57:29,110 INFO 3502 [egg:core] dump config after load, 4ms
2022-03-12 13:57:29,123 INFO 3502 [egg-watcher:application] watcher start success
2022-03-12 13:57:29,124 INFO 3502 [egg-mysql] instance[0] status OK, rds currentTime: Sat Mar 12 2022 13:57:29 GMT+0800 (China Standard Time)
2022-03-12 13:57:29,130 INFO 3502 [egg:core] dump config after ready, 4ms
2022-03-12 14:11:48,737 INFO 3884 [egg:logger] init all loggers with options: {"dir":"/Users/bips/Documents/gitres/web/electron/littleCRM/logs/littlecrm","encoding":"utf8","env":"local","level":"INFO","consoleLevel":"INFO","disableConsoleAfterReady":false,"outputJSON":false,"buffer":true,"appLogName":"littlecrm-web.log","coreLogName":"egg-web.log","agentLogName":"egg-agent.log","errorLogName":"common-error.log","coreLogger":{"consoleLevel":"WARN"},"allowDebugAtProd":false,"enablePerformanceTimer":false,"type":"application"}
2022-03-12 14:11:48,765 INFO 3884 [egg-multipart] stream mode enable
2022-03-12 14:11:48,765 INFO 3884 [egg-mysql] connecting root@127.0.0.1:3306/littlecrm
2022-03-12 14:11:49,036 INFO 3884 [egg-static] starting static serve /public/ -> /Users/bips/Documents/gitres/web/electron/littleCRM/app/public
2022-03-12 14:11:49,039 INFO 3884 [egg-security] use csrf middleware
2022-03-12 14:11:49,040 INFO 3884 [egg-security] use methodnoallow middleware
2022-03-12 14:11:49,041 INFO 3884 [egg-security] use noopen middleware
2022-03-12 14:11:49,043 INFO 3884 [egg-security] use nosniff middleware
2022-03-12 14:11:49,044 INFO 3884 [egg-security] use xssProtection middleware
2022-03-12 14:11:49,045 INFO 3884 [egg-security] use xframe middleware
2022-03-12 14:11:49,046 INFO 3884 [egg-security] use dta middleware
2022-03-12 14:11:49,046 INFO 3884 [egg-security] compose 7 middlewares into one security middleware
2022-03-12 14:11:49,056 INFO 3884 [egg:core] dump config after load, 4ms
2022-03-12 14:11:49,069 INFO 3884 [egg-watcher:application] watcher start success
2022-03-12 14:11:49,071 INFO 3884 [egg-mysql] instance[0] status OK, rds currentTime: Sat Mar 12 2022 14:11:49 GMT+0800 (China Standard Time)
2022-03-12 14:11:49,076 INFO 3884 [egg:core] dump config after ready, 4ms
2022-03-12 14:13:38,033 INFO 3992 [egg:logger] init all loggers with options: {"dir":"/Users/bips/Documents/gitres/web/electron/littleCRM/logs/littlecrm","encoding":"utf8","env":"local","level":"INFO","consoleLevel":"INFO","disableConsoleAfterReady":false,"outputJSON":false,"buffer":true,"appLogName":"littlecrm-web.log","coreLogName":"egg-web.log","agentLogName":"egg-agent.log","errorLogName":"common-error.log","coreLogger":{"consoleLevel":"WARN"},"allowDebugAtProd":false,"enablePerformanceTimer":false,"type":"application"}
2022-03-12 14:13:38,056 INFO 3992 [egg-multipart] stream mode enable
2022-03-12 14:13:38,056 INFO 3992 [egg-mysql] connecting root@127.0.0.1:3306/littlecrm
2022-03-12 14:13:38,156 INFO 3992 [egg-static] starting static serve /public/ -> /Users/bips/Documents/gitres/web/electron/littleCRM/app/public
2022-03-12 14:13:38,158 INFO 3992 [egg-security] use csrf middleware
2022-03-12 14:13:38,158 INFO 3992 [egg-security] use methodnoallow middleware
2022-03-12 14:13:38,159 INFO 3992 [egg-security] use noopen middleware
2022-03-12 14:13:38,159 INFO 3992 [egg-security] use nosniff middleware
2022-03-12 14:13:38,159 INFO 3992 [egg-security] use xssProtection middleware
2022-03-12 14:13:38,160 INFO 3992 [egg-security] use xframe middleware
2022-03-12 14:13:38,160 INFO 3992 [egg-security] use dta middleware
2022-03-12 14:13:38,160 INFO 3992 [egg-security] compose 7 middlewares into one security middleware
2022-03-12 14:13:38,167 INFO 3992 [egg:core] dump config after load, 3ms
2022-03-12 14:13:38,179 INFO 3992 [egg-watcher:application] watcher start success
2022-03-12 14:13:38,182 INFO 3992 [egg-mysql] instance[0] status OK, rds currentTime: Sat Mar 12 2022 14:13:38 GMT+0800 (China Standard Time)
2022-03-12 14:13:38,187 INFO 3992 [egg:core] dump config after ready, 4ms
2022-03-12 14:14:55,807 INFO 4036 [egg:logger] init all loggers with options: {"dir":"/Users/bips/Documents/gitres/web/electron/littleCRM/logs/littlecrm","encoding":"utf8","env":"local","level":"INFO","consoleLevel":"INFO","disableConsoleAfterReady":false,"outputJSON":false,"buffer":true,"appLogName":"littlecrm-web.log","coreLogName":"egg-web.log","agentLogName":"egg-agent.log","errorLogName":"common-error.log","coreLogger":{"consoleLevel":"WARN"},"allowDebugAtProd":false,"enablePerformanceTimer":false,"type":"application"}
2022-03-12 14:14:55,831 INFO 4036 [egg-multipart] stream mode enable
2022-03-12 14:14:55,832 INFO 4036 [egg-mysql] connecting root@127.0.0.1:3306/littlecrm
2022-03-12 14:14:55,954 INFO 4036 [egg-static] starting static serve /public/ -> /Users/bips/Documents/gitres/web/electron/littleCRM/app/public
2022-03-12 14:14:55,956 INFO 4036 [egg-security] use csrf middleware
2022-03-12 14:14:55,956 INFO 4036 [egg-security] use methodnoallow middleware
2022-03-12 14:14:55,956 INFO 4036 [egg-security] use noopen middleware
2022-03-12 14:14:55,957 INFO 4036 [egg-security] use nosniff middleware
2022-03-12 14:14:55,958 INFO 4036 [egg-security] use xssProtection middleware
2022-03-12 14:14:55,958 INFO 4036 [egg-security] use xframe middleware
2022-03-12 14:14:55,959 INFO 4036 [egg-security] use dta middleware
2022-03-12 14:14:55,959 INFO 4036 [egg-security] compose 7 middlewares into one security middleware
2022-03-12 14:14:55,967 INFO 4036 [egg:core] dump config after load, 5ms
2022-03-12 14:14:55,984 INFO 4036 [egg-watcher:application] watcher start success
2022-03-12 14:14:55,986 INFO 4036 [egg-mysql] instance[0] status OK, rds currentTime: Sat Mar 12 2022 14:14:55 GMT+0800 (China Standard Time)
2022-03-12 14:14:55,994 INFO 4036 [egg:core] dump config after ready, 6ms
2022-03-12 14:15:11,938 INFO 4053 [egg:logger] init all loggers with options: {"dir":"/Users/bips/Documents/gitres/web/electron/littleCRM/logs/littlecrm","encoding":"utf8","env":"local","level":"INFO","consoleLevel":"INFO","disableConsoleAfterReady":false,"outputJSON":false,"buffer":true,"appLogName":"littlecrm-web.log","coreLogName":"egg-web.log","agentLogName":"egg-agent.log","errorLogName":"common-error.log","coreLogger":{"consoleLevel":"WARN"},"allowDebugAtProd":false,"enablePerformanceTimer":false,"type":"application"}
2022-03-12 14:15:11,959 INFO 4053 [egg-multipart] stream mode enable
2022-03-12 14:15:11,960 INFO 4053 [egg-mysql] connecting root@127.0.0.1:3306/littlecrm
2022-03-12 14:15:12,069 INFO 4053 [egg-static] starting static serve /public/ -> /Users/bips/Documents/gitres/web/electron/littleCRM/app/public
2022-03-12 14:15:12,072 INFO 4053 [egg-security] use csrf middleware
2022-03-12 14:15:12,073 INFO 4053 [egg-security] use methodnoallow middleware
2022-03-12 14:15:12,073 INFO 4053 [egg-security] use noopen middleware
2022-03-12 14:15:12,074 INFO 4053 [egg-security] use nosniff middleware
2022-03-12 14:15:12,074 INFO 4053 [egg-security] use xssProtection middleware
2022-03-12 14:15:12,074 INFO 4053 [egg-security] use xframe middleware
2022-03-12 14:15:12,075 INFO 4053 [egg-security] use dta middleware
2022-03-12 14:15:12,075 INFO 4053 [egg-security] compose 7 middlewares into one security middleware
2022-03-12 14:15:12,082 INFO 4053 [egg:core] dump config after load, 4ms
2022-03-12 14:15:12,100 INFO 4053 [egg-watcher:application] watcher start success
2022-03-12 14:15:12,102 INFO 4053 [egg-mysql] instance[0] status OK, rds currentTime: Sat Mar 12 2022 14:15:12 GMT+0800 (China Standard Time)
2022-03-12 14:15:12,108 INFO 4053 [egg:core] dump config after ready, 4ms
2022-03-12 14:16:31,186 INFO 4113 [egg:logger] init all loggers with options: {"dir":"/Users/bips/Documents/gitres/web/electron/littleCRM/logs/littlecrm","encoding":"utf8","env":"local","level":"INFO","consoleLevel":"INFO","disableConsoleAfterReady":false,"outputJSON":false,"buffer":true,"appLogName":"littlecrm-web.log","coreLogName":"egg-web.log","agentLogName":"egg-agent.log","errorLogName":"common-error.log","coreLogger":{"consoleLevel":"WARN"},"allowDebugAtProd":false,"enablePerformanceTimer":false,"type":"application"}
2022-03-12 14:16:31,219 INFO 4113 [egg-multipart] stream mode enable
2022-03-12 14:16:31,219 INFO 4113 [egg-mysql] connecting root@127.0.0.1:3306/littlecrm
2022-03-12 14:16:31,481 INFO 4113 [egg-static] starting static serve /public/ -> /Users/bips/Documents/gitres/web/electron/littleCRM/app/public
2022-03-12 14:16:31,483 INFO 4113 [egg-security] use csrf middleware
2022-03-12 14:16:31,484 INFO 4113 [egg-security] use methodnoallow middleware
2022-03-12 14:16:31,485 INFO 4113 [egg-security] use noopen middleware
2022-03-12 14:16:31,486 INFO 4113 [egg-security] use nosniff middleware
2022-03-12 14:16:31,488 INFO 4113 [egg-security] use xssProtection middleware
2022-03-12 14:16:31,489 INFO 4113 [egg-security] use xframe middleware
2022-03-12 14:16:31,490 INFO 4113 [egg-security] use dta middleware
2022-03-12 14:16:31,490 INFO 4113 [egg-security] compose 7 middlewares into one security middleware
2022-03-12 14:16:31,500 INFO 4113 [egg:core] dump config after load, 3ms
2022-03-12 14:16:31,513 INFO 4113 [egg-watcher:application] watcher start success
2022-03-12 14:16:31,515 INFO 4113 [egg-mysql] instance[0] status OK, rds currentTime: Sat Mar 12 2022 14:16:31 GMT+0800 (China Standard Time)
2022-03-12 14:16:31,520 INFO 4113 [egg:core] dump config after ready, 4ms
2022-03-12 15:52:27,174 INFO 6657 [egg:logger] init all loggers with options: {"dir":"/Users/bips/Documents/gitres/web/electron/littleCRM/logs/littlecrm","encoding":"utf8","env":"local","level":"INFO","consoleLevel":"INFO","disableConsoleAfterReady":false,"outputJSON":false,"buffer":true,"appLogName":"littlecrm-web.log","coreLogName":"egg-web.log","agentLogName":"egg-agent.log","errorLogName":"common-error.log","coreLogger":{"consoleLevel":"WARN"},"allowDebugAtProd":false,"enablePerformanceTimer":false,"type":"application"}
2022-03-12 15:52:27,213 INFO 6657 [egg-multipart] stream mode enable
2022-03-12 15:52:27,213 INFO 6657 [egg-mysql] connecting root@127.0.0.1:3306/littlecrm
2022-03-12 15:52:27,474 INFO 6657 [egg-static] starting static serve /public/ -> /Users/bips/Documents/gitres/web/electron/littleCRM/app/public
2022-03-12 15:52:27,477 INFO 6657 [egg-security] use csrf middleware
2022-03-12 15:52:27,478 INFO 6657 [egg-security] use methodnoallow middleware
2022-03-12 15:52:27,479 INFO 6657 [egg-security] use noopen middleware
2022-03-12 15:52:27,481 INFO 6657 [egg-security] use nosniff middleware
2022-03-12 15:52:27,482 INFO 6657 [egg-security] use xssProtection middleware
2022-03-12 15:52:27,483 INFO 6657 [egg-security] use xframe middleware
2022-03-12 15:52:27,485 INFO 6657 [egg-security] use dta middleware
2022-03-12 15:52:27,485 INFO 6657 [egg-security] compose 7 middlewares into one security middleware
2022-03-12 15:52:27,497 INFO 6657 [egg:core] dump config after load, 3ms
2022-03-12 15:52:27,513 INFO 6657 [egg-watcher:application] watcher start success
2022-03-12 15:52:27,514 INFO 6657 [egg-mysql] instance[0] status OK, rds currentTime: Sat Mar 12 2022 15:52:27 GMT+0800 (China Standard Time)
2022-03-12 15:52:27,524 INFO 6657 [egg:core] dump config after ready, 7ms
2022-03-12 16:07:51,178 INFO 7680 [egg:logger] init all loggers with options: {"dir":"/Users/bips/Documents/gitres/web/electron/littleCRM/logs/littlecrm","encoding":"utf8","env":"local","level":"INFO","consoleLevel":"INFO","disableConsoleAfterReady":false,"outputJSON":false,"buffer":true,"appLogName":"littlecrm-web.log","coreLogName":"egg-web.log","agentLogName":"egg-agent.log","errorLogName":"common-error.log","coreLogger":{"consoleLevel":"WARN"},"allowDebugAtProd":false,"enablePerformanceTimer":false,"type":"application"}
2022-03-12 16:07:51,209 INFO 7680 [egg-multipart] stream mode enable
2022-03-12 16:07:51,210 INFO 7680 [egg-mysql] connecting root@127.0.0.1:3306/littlecrm
2022-03-12 16:07:51,423 INFO 7680 [egg-static] starting static serve /public/ -> /Users/bips/Documents/gitres/web/electron/littleCRM/app/public
2022-03-12 16:07:51,425 INFO 7680 [egg-security] use csrf middleware
2022-03-12 16:07:51,436 INFO 7680 [egg-security] use methodnoallow middleware
2022-03-12 16:07:51,437 INFO 7680 [egg-security] use noopen middleware
2022-03-12 16:07:51,438 INFO 7680 [egg-security] use nosniff middleware
2022-03-12 16:07:51,439 INFO 7680 [egg-security] use xssProtection middleware
2022-03-12 16:07:51,440 INFO 7680 [egg-security] use xframe middleware
2022-03-12 16:07:51,440 INFO 7680 [egg-security] use dta middleware
2022-03-12 16:07:51,440 INFO 7680 [egg-security] compose 7 middlewares into one security middleware
2022-03-12 16:07:51,451 INFO 7680 [egg:core] dump config after load, 4ms
2022-03-12 16:07:51,481 INFO 7680 [egg-watcher:application] watcher start success
2022-03-12 16:07:51,501 INFO 7680 [egg-mysql] instance[0] status OK, rds currentTime: Sat Mar 12 2022 16:07:51 GMT+0800 (China Standard Time)
2022-03-12 16:07:51,507 INFO 7680 [egg:core] dump config after ready, 5ms
